#
# There is insufficient memory for the Java Runtime Environment to continue.
# Native memory allocation (malloc) failed to allocate 1148024 bytes. Error detail: Chunk::new
# Possible reasons:
#   The system is out of physical RAM or swap space
#   This process is running with CompressedOops enabled, and the Java Heap may be blocking the growth of the native heap
# Possible solutions:
#   Reduce memory load on the system
#   Increase physical memory or swap space
#   Check if swap backing store is full
#   Decrease Java heap size (-Xmx/-Xms)
#   Decrease number of Java threads
#   Decrease Java thread stack sizes (-Xss)
#   Set larger code cache with -XX:ReservedCodeCacheSize=
#   JVM is running with Zero Based Compressed Oops mode in which the Java heap is
#     placed in the first 32GB address space. The Java Heap base address is the
#     maximum limit for the native heap growth. Please use -XX:HeapBaseMinAddress
#     to set the Java Heap base and to place the Java Heap above 32GB virtual address.
# This output file may be truncated or incomplete.
#
#  Out of Memory Error (arena.cpp:193), pid=35136, tid=30316
#
# JRE version: OpenJDK Runtime Environment (26.0.1+8) (build 26.0.1+8-34)
# Java VM: OpenJDK 64-Bit Server VM (26.0.1+8-34, mixed mode, sharing, tiered, compressed oops, compressed class ptrs, g1 gc, windows-amd64)
# No core dump will be written. Minidumps are not enabled by default on client versions of Windows
#

---------------  S U M M A R Y ------------

Command Line: -javaagent:C:\Program Files\JetBrains\IntelliJ IDEA 2026.1.2\lib\idea_rt.jar=59880 -Dfile.encoding=UTF-8 -Dsun.stdout.encoding=UTF-8 -Dsun.stderr.encoding=UTF-8 com.bankmanagement.Login

Host: AMD Ryzen 7 5800H with Radeon Graphics         , 16 cores, 23G,  Windows 11 , 64 bit Build 26100 (10.0.26100.8521)
Time: Sun Jul  5 19:31:05 2026 SE Asia Standard Time elapsed time: 1.042936 seconds (0d 0h 0m 1s)

---------------  T H R E A D  ---------------

Current thread (0x000001f562d16d70):  JavaThread "C2 CompilerThread0" daemon [_thread_in_native, id=30316, stack(0x0000006302c00000,0x0000006302d00000) (1024K)]


Current CompileTask:
C2:1043  926       4       sun.awt.image.PNGImageDecoder::filterRow (460 bytes)

Stack: [0x0000006302c00000,0x0000006302d00000]
Native frames: (J=compiled Java code, j=interpreted, Vv=VM code, C=native code)
V  [jvm.dll+0x7d5879]  (no source info available)
V  [jvm.dll+0x7a37dd]  (no source info available)
V  [jvm.dll+0x9b0c10]  (no source info available)
V  [jvm.dll+0x9b3061]  (no source info available)
V  [jvm.dll+0x9b3773]  (no source info available)
V  [jvm.dll+0x30df76]  (no source info available)
V  [jvm.dll+0x11d8a6]  (no source info available)
V  [jvm.dll+0x11dbce]  (no source info available)
V  [jvm.dll+0x396721]  (no source info available)
V  [jvm.dll+0x6ed929]  (no source info available)
V  [jvm.dll+0x2da90a]  (no source info available)
V  [jvm.dll+0x2dacff]  (no source info available)
V  [jvm.dll+0x2d2f4d]  (no source info available)
V  [jvm.dll+0x2d04cd]  (no source info available)
V  [jvm.dll+0x246820]  (no source info available)
V  [jvm.dll+0x2e06dc]  (no source info available)
V  [jvm.dll+0x2de8bd]  (no source info available)
V  [jvm.dll+0x4a3ff1]  (no source info available)
V  [jvm.dll+0x94f649]  (no source info available)
V  [jvm.dll+0x7d7358]  (no source info available)
C  [ucrtbase.dll+0x2cd30]  (no source info available)
C  [KERNEL32.DLL+0x2e957]  (no source info available)
C  [ntdll.dll+0x87c1c]  (no source info available)

Lock stack of current Java thread (top to bottom):


---------------  P R O C E S S  ---------------

Threads class SMR info:
_java_thread_list=0x000001f56d572480, length=22, elements={
0x000001f53db7e4f0, 0x000001f562ce4050, 0x000001f562ce4800, 0x000001f562ce7570,
0x000001f562ce8120, 0x000001f562ce8cd0, 0x000001f562cfa210, 0x000001f562d16d70,
0x000001f562d1c660, 0x000001f5637ac9a0, 0x000001f5637ae5e0, 0x000001f5638f29d0,
0x000001f5638b7cc0, 0x000001f5638b8470, 0x000001f56833ea70, 0x000001f5683420f0,
0x000001f568343ee0, 0x000001f568671180, 0x000001f568715370, 0x000001f568790470,
0x000001f56d540290, 0x000001f56d61e210
}

Java Threads: ( => current thread )
  0x000001f53db7e4f0 JavaThread "main"                              [_thread_blocked, id=28368, stack(0x0000006301d00000,0x0000006301e00000) (1024K)]
  0x000001f562ce4050 JavaThread "Reference Handler"          daemon [_thread_blocked, id=25736, stack(0x0000006302600000,0x0000006302700000) (1024K)]
  0x000001f562ce4800 JavaThread "Finalizer"                  daemon [_thread_blocked, id=24884, stack(0x0000006302700000,0x0000006302800000) (1024K)]
  0x000001f562ce7570 JavaThread "Signal Dispatcher"          daemon [_thread_blocked, id=32264, stack(0x0000006302800000,0x0000006302900000) (1024K)]
  0x000001f562ce8120 JavaThread "Attach Listener"            daemon [_thread_blocked, id=12156, stack(0x0000006302900000,0x0000006302a00000) (1024K)]
  0x000001f562ce8cd0 JavaThread "Service Thread"             daemon [_thread_blocked, id=21444, stack(0x0000006302a00000,0x0000006302b00000) (1024K)]
  0x000001f562cfa210 JavaThread "Monitor Deflation Thread"   daemon [_thread_blocked, id=19892, stack(0x0000006302b00000,0x0000006302c00000) (1024K)]
=>0x000001f562d16d70 JavaThread "C2 CompilerThread0"         daemon [_thread_in_native, id=30316, stack(0x0000006302c00000,0x0000006302d00000) (1024K)]
  0x000001f562d1c660 JavaThread "C1 CompilerThread0"         daemon [_thread_blocked, id=34404, stack(0x0000006302d00000,0x0000006302e00000) (1024K)]
  0x000001f5637ac9a0 JavaThread "C1 CompilerThread1"         daemon [_thread_blocked, id=18952, stack(0x0000006302e00000,0x0000006302f00000) (1024K)]
  0x000001f5637ae5e0 JavaThread "C1 CompilerThread2"         daemon [_thread_blocked, id=15256, stack(0x0000006302f00000,0x0000006303000000) (1024K)]
  0x000001f5638f29d0 JavaThread "Common-Cleaner"             daemon [_thread_blocked, id=28584, stack(0x0000006303100000,0x0000006303200000) (1024K)]
  0x000001f5638b7cc0 JavaThread "Monitor Ctrl-Break"         daemon [_thread_in_native, id=34328, stack(0x0000006303200000,0x0000006303300000) (1024K)]
  0x000001f5638b8470 JavaThread "Notification Thread"        daemon [_thread_blocked, id=29992, stack(0x0000006303300000,0x0000006303400000) (1024K)]
  0x000001f56833ea70 JavaThread "Java2D Disposer"            daemon [_thread_blocked, id=34944, stack(0x0000006303000000,0x0000006303100000) (1024K)]
  0x000001f5683420f0 JavaThread "AWT-Shutdown"                      [_thread_blocked, id=33844, stack(0x0000006303400000,0x0000006303500000) (1024K)]
  0x000001f568343ee0 JavaThread "AWT-Windows"                daemon [_thread_in_native, id=33612, stack(0x0000006303500000,0x0000006303600000) (1024K)]
  0x000001f568671180 JavaThread "Image Fetcher 0"            daemon [_thread_blocked, id=31956, stack(0x0000006304500000,0x0000006304600000) (1024K)]
  0x000001f568715370 JavaThread "C1 CompilerThread3"         daemon [_thread_blocked, id=30432, stack(0x0000006304600000,0x0000006304700000) (1024K)]
  0x000001f568790470 JavaThread "C2 CompilerThread1"         daemon [_thread_in_native, id=14804, stack(0x0000006304900000,0x0000006304a00000) (1024K)]
  0x000001f56d540290 JavaThread "C2 CompilerThread2"         daemon [_thread_blocked, id=32412, stack(0x0000006304a00000,0x0000006304b00000) (1024K)]
  0x000001f56d61e210 JavaThread "C2 CompilerThread3"         daemon [_thread_in_native, id=35748, stack(0x0000006304b00000,0x0000006304c00000) (1024K)]
Total: 22

Other Threads:
  0x000001f562cd4c70 VMThread "VM Thread"                           [id=34496, stack(0x0000006302500000,0x0000006302600000) (1024K)]
  0x000001f562cc3190 WatcherThread "VM Periodic Task Thread"        [id=11720, stack(0x0000006302400000,0x0000006302500000) (1024K)]
  0x000001f5400aa990 WorkerThread "GC Thread#0"                     [id=34396, stack(0x0000006301e00000,0x0000006301f00000) (1024K)]
  0x000001f5686961c0 WorkerThread "GC Thread#1"                     [id=10900, stack(0x0000006304200000,0x0000006304300000) (1024K)]
  0x000001f5686965e0 WorkerThread "GC Thread#2"                     [id=10568, stack(0x0000006304300000,0x0000006304400000) (1024K)]
  0x000001f568696e10 WorkerThread "GC Thread#3"                     [id=32636, stack(0x0000006304400000,0x0000006304500000) (1024K)]
  0x000001f56d7bb8f0 WorkerThread "GC Thread#4"                     [id=21596, stack(0x0000006304c00000,0x0000006304d00000) (1024K)]
  0x000001f5400db2d0 ConcurrentGCThread "G1 Main Marker"            [id=30820, stack(0x0000006301f00000,0x0000006302000000) (1024K)]
  0x000001f5400de500 WorkerThread "G1 Conc#0"                       [id=26960, stack(0x0000006302000000,0x0000006302100000) (1024K)]
  0x000001f56875dc30 WorkerThread "G1 Conc#1"                       [id=32552, stack(0x0000006304700000,0x0000006304800000) (1024K)]
  0x000001f56875e050 WorkerThread "G1 Conc#2"                       [id=8976, stack(0x0000006304800000,0x0000006304900000) (1024K)]
  0x000001f562b91fb0 WorkerThread "G1 Refinement Workers#0"         [id=26100, stack(0x0000006302200000,0x0000006302300000) (1024K)]
  0x000001f562b91740 ConcurrentGCThread "G1 Refine Control"         [id=27216, stack(0x0000006302100000,0x0000006302200000) (1024K)]
  0x000001f562b927d0 ConcurrentGCThread "G1 Service"                [id=35336, stack(0x0000006302300000,0x0000006302400000) (1024K)]
Total: 14

Threads with active compile tasks:
C2 CompilerThread0  1133  926       4       sun.awt.image.PNGImageDecoder::filterRow (460 bytes)
C2 CompilerThread1  1133  956       4       java.lang.StringLatin1::equals (36 bytes)
C2 CompilerThread2  1134  937 % !   4       sun.awt.image.PNGImageDecoder::produceImage @ 960 (1917 bytes)
C2 CompilerThread3  1134  983       4       java.lang.String::getBytes (44 bytes)
Total: 4

VM state: at safepoint (normal execution)

VM Mutex/Monitor currently owned by a thread:  ([mutex/lock_event])
[0x00007ffc9e48c608] G1FreeList_lock - owner thread: 0x000001f56d7bb8f0
[0x00007ffc9e48ed08] Threads_lock - owner thread: 0x000001f562cd4c70
[0x00007ffc9e48ef88] Heap_lock - owner thread: 0x000001f568671180

Heap address: 0x000000068a400000, size: 5980 MB, Compressed Oops mode: Zero based, Oop shift amount: 3

CDS archive(s) mapped at: [0x0000000084000000-0x0000000084de0000-0x0000000084de0000), size 14548992, SharedBaseAddress: 0x0000000084000000, ArchiveRelocationMode: 1.
Compressed class space mapped at: 0x0000000085000000-0x00000000c5000000, reserved size: 1073741824
UseCompressedClassPointers 1, UseCompactObjectHeaders 0
Narrow klass pointer bits 32, Max shift 3
Narrow klass base: 0x0000000084000000, Narrow klass shift: 0
Encoding Range: [0x0000000084000000 - 0x0000000184000000), (4294967296 bytes)
Klass Range:    [0x0000000084000000 - 0x00000000c5000000), (1090519040 bytes)
Klass ID Range:  [8 - 1090519033) (1090519025)
Protection zone: [0x0000000084000000 - 0x0000000084010000), (65536 bytes)

GC Precious Log:
 CardTable entry size: 512
 Card Set container configuration: InlinePtr #cards 4 size 8 Array Of Cards #cards 32 size 80 Howl #buckets 8 coarsen threshold 7372 Howl Bitmap #cards 1024 size 144 coarsen threshold 921 Card regions per heap region 1 cards per card region 8192
 CPUs: 16 total, 16 available
 Memory: 23912M
 Large Page Support: Disabled
 NUMA Support: Disabled
 Compressed Oops: Enabled (Zero based)
 Heap Region Size: 4M
 Heap Min Capacity: 8M
 Heap Initial Capacity: 8M
 Heap Max Capacity: 5980M
 Pre-touch: Disabled
 Parallel Workers: 13
 Concurrent Workers: 3
 Concurrent Refinement Workers: 13
 Periodic GC: Disabled

Heap:
 garbage-first heap   total reserved 6123520K, committed 16384K, used 7782K [0x000000068a400000, 0x0000000800000000)
  region size 4M, 1 eden (4M), 0 survivor (0M), 0 old (0M), 0 humongous (0M), 0 free (0M)

Heap Regions: E=young(eden), S=young(survivor), O=old, HS=humongous(starts), HC=humongous(continues), CS=collection set, F=free, TAMS=top-at-mark-start, PB=parsable bottom
|    0|0x000000068a400000, 0x000000068a7ad288, 0x000000068a800000| 91%| E|CS|TAMS 0x000000068a400000| PB 0x000000068a400000| Complete  |  0
|    1|0x000000068a800000, 0x000000068a8345e0, 0x000000068ac00000|  5%| O|  |TAMS 0x000000068a800000| PB 0x000000068a800000| Untracked |  0
|    2|0x000000068ac00000, 0x000000068aec4978, 0x000000068b000000| 69%| E|CS|TAMS 0x000000068ac00000| PB 0x000000068ac00000| Complete  |  0
| 1494|0x00000007ffc00000, 0x00000007ffd27e90, 0x0000000800000000| 28%| O|CS|TAMS 0x00000007ffc00000| PB 0x00000007ffc00000| Complete  |  0

Card table byte_map: [0x000001f559df0000,0x000001f55a9a0000] _byte_map_base: 0x000001f55699e000
Refinement table byte_map: [0x000001f559240000,0x000001f559df0000] _byte_map_base: 0x000001f555dee000

Marking Bits: (CMBitMap*) 0x000001f5400ab110
 Bits: [0x000001f55a9a0000, 0x000001f560710000)

Polling page: 0x000001f53de70000

Metaspace:
Metaspace        used 6774K, committed 6976K, reserved 1114112K
 class space     used 720K, committed 832K, reserved 1048576K

Usage:
  Non-class:      5.91 MB used.
      Class:    720.77 KB used.
       Both:      6.62 MB used.

Virtual space:
  Non-class space:       64.00 MB reserved,       6.00 MB (  9%) committed,  1 nodes.
      Class space:        1.00 GB reserved,     832.00 KB ( <1%) committed,  1 nodes.
             Both:        1.06 GB reserved,       6.81 MB ( <1%) committed. 

Chunk freelists:
   Non-Class:  10.04 MB
       Class:  15.25 MB
        Both:  25.28 MB

MaxMetaspaceSize: unlimited
CompressedClassSpaceSize: 1.00 GB
Initial GC threshold: 21.00 MB
Current GC threshold: 21.00 MB
CDS: on
 - commit_granule_bytes: 65536.
 - commit_granule_words: 8192.
 - virtual_space_node_default_size: 8388608.
 - enlarge_chunks_in_place: 1.
UseCompressedClassPointers 1, UseCompactObjectHeaders 0
Narrow klass pointer bits 32, Max shift 3
Narrow klass base: 0x0000000084000000, Narrow klass shift: 0
Encoding Range: [0x0000000084000000 - 0x0000000184000000), (4294967296 bytes)
Klass Range:    [0x0000000084000000 - 0x00000000c5000000), (1090519040 bytes)
Klass ID Range:  [8 - 1090519033) (1090519025)
Protection zone: [0x0000000084000000 - 0x0000000084010000), (65536 bytes)


Internal statistics:

num_allocs_failed_limit: 0.
num_arena_births: 66.
num_arena_deaths: 0.
num_vsnodes_births: 2.
num_vsnodes_deaths: 0.
num_space_committed: 109.
num_space_uncommitted: 0.
num_chunks_returned_to_freelist: 0.
num_chunks_taken_from_freelist: 99.
num_chunk_merges: 0.
num_chunk_splits: 55.
num_chunks_enlarged: 17.
num_inconsistent_stats: 0.

CodeHeap 'non-profiled nmethods': size=119168Kb used=248Kb max_used=248Kb free=118919Kb
 bounds [0x000001f550890000, 0x000001f550b00000, 0x000001f557cf0000]
CodeHeap 'profiled nmethods': size=119168Kb used=1475Kb max_used=1475Kb free=117692Kb
 bounds [0x000001f548ce0000, 0x000001f548f50000, 0x000001f550140000]
CodeHeap 'non-nmethods': size=7488Kb used=3164Kb max_used=3167Kb free=4323Kb
 bounds [0x000001f550140000, 0x000001f550460000, 0x000001f550890000]
CodeCache: size=245824Kb, used=4887Kb, max_used=4890Kb, free=240934Kb
 total_blobs=1574, nmethods=986, adapters=488, full_count=0
Compilation: enabled, stopped_count=0, restarted_count=0

Compilation events (20 events):
Event: 0.980 Thread 0x000001f568790470 nmethod 944 0x000001f5508ca488 code [0x000001f5508ca5a0, 0x000001f5508ca790]
Event: 0.980 Thread 0x000001f56d61e210 nmethod 945 0x000001f5508ca808 code [0x000001f5508ca920, 0x000001f5508cab10]
Event: 0.980 Thread 0x000001f568790470  947 %     4       java.awt.image.AreaAveragingScaleFilter::accumPixels @ 161 (545 bytes)
Event: 0.980 Thread 0x000001f56d61e210  948       4       java.lang.Math::round (56 bytes)
Event: 0.982 Thread 0x000001f56d61e210 nmethod 948 0x000001f5508cab88 code [0x000001f5508cac80, 0x000001f5508cad58]
Event: 0.983 Thread 0x000001f568715370  949       3       java.awt.image.AreaAveragingScaleFilter::setPixels (45 bytes)
Event: 0.983 Thread 0x000001f568715370 nmethod 949 0x000001f548e44008 code [0x000001f548e44100, 0x000001f548e44308]
Event: 0.988 Thread 0x000001f568715370  950       1       java.beans.PropertyChangeEvent::getPropertyName (5 bytes)
Event: 0.988 Thread 0x000001f568715370 nmethod 950 0x000001f5508cae88 code [0x000001f5508caf80, 0x000001f5508cb038]
Event: 0.991 Thread 0x000001f5637ae5e0  951       1       java.beans.PropertyChangeEvent::getOldValue (5 bytes)
Event: 0.991 Thread 0x000001f568715370  952       1       java.beans.PropertyChangeEvent::getNewValue (5 bytes)
Event: 0.991 Thread 0x000001f5637ac9a0  953       3       java.lang.invoke.DirectMethodHandle::internalMemberName (8 bytes)
Event: 0.991 Thread 0x000001f568715370 nmethod 952 0x000001f5508cb188 code [0x000001f5508cb280, 0x000001f5508cb338]
Event: 0.991 Thread 0x000001f5637ae5e0 nmethod 951 0x000001f5508cb488 code [0x000001f5508cb580, 0x000001f5508cb638]
Event: 0.991 Thread 0x000001f5637ac9a0 nmethod 953 0x000001f548e44388 code [0x000001f548e44480, 0x000001f548e44638]
Event: 1.011 Thread 0x000001f5637ac9a0  954       3       java.lang.String::equals (56 bytes)
Event: 1.012 Thread 0x000001f5637ac9a0 nmethod 954 0x000001f548e44688 code [0x000001f548e44780, 0x000001f548e44b68]
Event: 1.014 Thread 0x000001f568790470 nmethod 947% 0x000001f5508cb788 code [0x000001f5508cb8a0, 0x000001f5508cd268]
Event: 1.036 Thread 0x000001f562d1c660  955       3       java.lang.StringConcatHelper::checkOverflow (16 bytes)
Event: 1.036 Thread 0x000001f562d1c660 nmethod 955 0x000001f548e44b88 code [0x000001f548e44c80, 0x000001f548e44e58]

GC Heap Usage History (6 events):
Event: 0.701 {heap Before GC invocations=0 (full 0):
 garbage-first heap   total reserved 6123520K, committed 12288K, used 5279K [0x000000068a400000, 0x0000000800000000)
  region size 4M, 1 eden (4M), 0 survivor (0M), 1 old (4M), 0 humongous (0M), 1 free (4M)
}
Event: 0.704 {heap After GC invocations=1 (full 0):
 garbage-first heap   total reserved 6123520K, committed 12288K, used 2450K [0x000000068a400000, 0x0000000800000000)
  region size 4M, 0 eden (0M), 1 survivor (4M), 1 old (4M), 0 humongous (0M), 1 free (4M)
}
Event: 0.825 {heap Before GC invocations=1 (full 0):
 garbage-first heap   total reserved 6123520K, committed 12288K, used 6546K [0x000000068a400000, 0x0000000800000000)
  region size 4M, 1 eden (4M), 1 survivor (4M), 1 old (4M), 0 humongous (0M), 0 free (0M)
}
Event: 0.829 {heap After GC invocations=2 (full 0):
 garbage-first heap   total reserved 6123520K, committed 16384K, used 3008K [0x000000068a400000, 0x0000000800000000)
  region size 4M, 0 eden (0M), 1 survivor (4M), 1 old (4M), 0 humongous (0M), 2 free (8M)
}
Event: 0.977 {heap Before GC invocations=3 (full 0):
 garbage-first heap   total reserved 6123520K, committed 16384K, used 7104K [0x000000068a400000, 0x0000000800000000)
  region size 4M, 1 eden (4M), 1 survivor (4M), 1 old (4M), 0 humongous (0M), 1 free (4M)
}
Event: 0.980 {heap After GC invocations=4 (full 0):
 garbage-first heap   total reserved 6123520K, committed 16384K, used 4948K [0x000000068a400000, 0x0000000800000000)
  region size 4M, 0 eden (0M), 1 survivor (4M), 1 old (4M), 0 humongous (0M), 2 free (8M)
}

Metaspace Usage History (6 events):
Event: 0.701 {metaspace Before GC invocations=0 (full 0):
 Metaspace       used 4518K, committed 4672K, reserved 1114112K
  class space    used 434K, committed 512K, reserved 1048576K
}
Event: 0.704 {metaspace After GC invocations=1 (full 0):
 Metaspace       used 4518K, committed 4672K, reserved 1114112K
  class space    used 434K, committed 512K, reserved 1048576K
}
Event: 0.825 {metaspace Before GC invocations=1 (full 0):
 Metaspace       used 5399K, committed 5568K, reserved 1114112K
  class space    used 550K, committed 640K, reserved 1048576K
}
Event: 0.829 {metaspace After GC invocations=2 (full 0):
 Metaspace       used 5399K, committed 5568K, reserved 1114112K
  class space    used 550K, committed 640K, reserved 1048576K
}
Event: 0.977 {metaspace Before GC invocations=3 (full 0):
 Metaspace       used 5722K, committed 5952K, reserved 1114112K
  class space    used 572K, committed 704K, reserved 1048576K
}
Event: 0.980 {metaspace After GC invocations=4 (full 0):
 Metaspace       used 5722K, committed 5952K, reserved 1114112K
  class space    used 572K, committed 704K, reserved 1048576K
}

Dll operation events (18 events):
Event: 0.028 Attempting to load shared library C:\Users\admin\.jdks\openjdk-26.0.1\bin\java.dll
Event: 0.028 Loaded shared library C:\Users\admin\.jdks\openjdk-26.0.1\bin\java.dll
Event: 0.130 Attempting to load shared library C:\Users\admin\.jdks\openjdk-26.0.1\bin\zip.dll
Event: 0.131 Loaded shared library C:\Users\admin\.jdks\openjdk-26.0.1\bin\zip.dll
Event: 0.137 Attempting to load shared library C:\Users\admin\.jdks\openjdk-26.0.1\bin\instrument.dll
Event: 0.137 Loaded shared library C:\Users\admin\.jdks\openjdk-26.0.1\bin\instrument.dll
Event: 0.145 Attempting to load shared library C:\Users\admin\.jdks\openjdk-26.0.1\bin\net.dll
Event: 0.146 Loaded shared library C:\Users\admin\.jdks\openjdk-26.0.1\bin\net.dll
Event: 0.151 Attempting to load shared library C:\Users\admin\.jdks\openjdk-26.0.1\bin\nio.dll
Event: 0.152 Loaded shared library C:\Users\admin\.jdks\openjdk-26.0.1\bin\nio.dll
Event: 0.169 Attempting to load shared library C:\Users\admin\.jdks\openjdk-26.0.1\bin\zip.dll
Event: 0.169 Loaded shared library C:\Users\admin\.jdks\openjdk-26.0.1\bin\zip.dll
Event: 0.221 Attempting to load shared library C:\Users\admin\.jdks\openjdk-26.0.1\bin\extnet.dll
Event: 0.222 Loaded shared library C:\Users\admin\.jdks\openjdk-26.0.1\bin\extnet.dll
Event: 0.250 Attempting to load shared library C:\Users\admin\.jdks\openjdk-26.0.1\bin\jimage.dll
Event: 0.250 Loaded shared library C:\Users\admin\.jdks\openjdk-26.0.1\bin\jimage.dll
Event: 0.266 Attempting to load shared library C:\Users\admin\.jdks\openjdk-26.0.1\bin\awt.dll
Event: 0.280 Loaded shared library C:\Users\admin\.jdks\openjdk-26.0.1\bin\awt.dll

Deoptimization events (20 events):
Event: 0.975 Thread 0x000001f568671180 DEOPT PACKING pc=0x000001f548e34a3d sp=0x00000063045ff470
Event: 0.975 Thread 0x000001f568671180 DEOPT UNPACKING pc=0x000001f550191a02 sp=0x00000063045fe8e0 mode 0
Event: 0.976 Thread 0x000001f568671180 DEOPT PACKING pc=0x000001f548e34a3d sp=0x00000063045ff470
Event: 0.976 Thread 0x000001f568671180 DEOPT UNPACKING pc=0x000001f550191a02 sp=0x00000063045fe8e0 mode 0
Event: 0.976 Thread 0x000001f568671180 DEOPT PACKING pc=0x000001f548e34a3d sp=0x00000063045ff470
Event: 0.976 Thread 0x000001f568671180 DEOPT UNPACKING pc=0x000001f550191a02 sp=0x00000063045fe8e0 mode 0
Event: 0.977 Thread 0x000001f568671180 DEOPT PACKING pc=0x000001f548e34a3d sp=0x00000063045ff470
Event: 0.977 Thread 0x000001f568671180 DEOPT UNPACKING pc=0x000001f550191a02 sp=0x00000063045fe8e0 mode 0
Event: 0.980 Thread 0x000001f568671180 DEOPT PACKING pc=0x000001f548e34a3d sp=0x00000063045ff470
Event: 0.980 Thread 0x000001f568671180 DEOPT UNPACKING pc=0x000001f550191a02 sp=0x00000063045fe8e0 mode 0
Event: 0.981 Thread 0x000001f568671180 DEOPT PACKING pc=0x000001f548e34a3d sp=0x00000063045ff470
Event: 0.981 Thread 0x000001f568671180 DEOPT UNPACKING pc=0x000001f550191a02 sp=0x00000063045fe8e0 mode 0
Event: 0.981 Thread 0x000001f568671180 DEOPT PACKING pc=0x000001f548e34a3d sp=0x00000063045ff470
Event: 0.981 Thread 0x000001f568671180 DEOPT UNPACKING pc=0x000001f550191a02 sp=0x00000063045fe8e0 mode 0
Event: 0.982 Thread 0x000001f568671180 DEOPT PACKING pc=0x000001f548e34a3d sp=0x00000063045ff470
Event: 0.982 Thread 0x000001f568671180 DEOPT UNPACKING pc=0x000001f550191a02 sp=0x00000063045fe8e0 mode 0
Event: 0.991 Thread 0x000001f53db7e4f0 Uncommon trap: trap_request=0xffffff45 fr.pc=0x000001f55089bfb4 relative=0x00000000000001b4
Event: 0.991 Thread 0x000001f53db7e4f0 Uncommon trap: reason=unstable_if action=reinterpret pc=0x000001f55089bfb4 method=java.lang.String.equals(Ljava/lang/Object;)Z @ 33 c2
Event: 0.991 Thread 0x000001f53db7e4f0 DEOPT PACKING pc=0x000001f55089bfb4 sp=0x0000006301dff6a0
Event: 0.991 Thread 0x000001f53db7e4f0 DEOPT UNPACKING pc=0x000001f550262282 sp=0x0000006301dff630 mode 2

Classes loaded (20 events):
Event: 1.038 Loading class java/util/LinkedHashMap$LinkedKeyIterator done
Event: 1.039 Loading class javax/swing/text/AbstractDocument$BidiRootElement
Event: 1.039 Loading class javax/swing/text/AbstractDocument$BranchElement
Event: 1.039 Loading class javax/swing/text/AbstractDocument$AbstractElement
Event: 1.039 Loading class javax/swing/text/Element
Event: 1.039 Loading class javax/swing/text/Element done
Event: 1.039 Loading class javax/swing/tree/TreeNode
Event: 1.040 Loading class javax/swing/tree/TreeNode done
Event: 1.040 Loading class javax/swing/text/AbstractDocument$AbstractElement done
Event: 1.040 Loading class javax/swing/text/AbstractDocument$BranchElement done
Event: 1.040 Loading class javax/swing/text/AbstractDocument$BidiRootElement done
Event: 1.040 Loading class javax/swing/text/AbstractDocument$BidiElement
Event: 1.040 Loading class javax/swing/text/AbstractDocument$LeafElement
Event: 1.040 Loading class javax/swing/text/AbstractDocument$LeafElement done
Event: 1.040 Loading class javax/swing/text/AbstractDocument$BidiElement done
Event: 1.040 Loading class javax/swing/text/GapContent$StickyPosition
Event: 1.040 Loading class javax/swing/text/Position
Event: 1.040 Loading class javax/swing/text/Position done
Event: 1.040 Loading class javax/swing/text/GapContent$StickyPosition done
Event: 1.040 Loading class javax/swing/text/StyleContext$KeyEnumeration

Classes unloaded (0 events):
No events

Classes redefined (0 events):
No events

Internal exceptions (20 events):
Event: 0.178 Thread 0x000001f53db7e4f0 Exception <a 'java/lang/NoSuchMethodError'{0x000000068a983c40}: 'void java.lang.invoke.DirectMethodHandle$Holder.invokeStatic(java.lang.Object, java.lang.Object, java.lang.Object)'> (0x000000068a983c40) 
thrown [s\open\src\hotspot\share\interpreter\linkResolver.cpp, line 804]
Event: 0.191 Thread 0x000001f53db7e4f0 Exception <a 'java/lang/NoSuchMethodError'{0x000000068a9b9188}: 'java.lang.Object java.lang.invoke.Invokers$Holder.invokeExact_MT(java.lang.Object, java.lang.Object, java.lang.Object, java.lang.Object, java.lang.Object)'> (0x000000068a9b9188) 
thrown [s\open\src\hotspot\share\interpreter\linkResolver.cpp, line 804]
Event: 0.218 Thread 0x000001f5638b7cc0 Exception <a 'java/lang/NoSuchMethodError'{0x000000068a9e8ad0}: 'java.lang.Object java.lang.invoke.DirectMethodHandle$Holder.invokeStaticInit(java.lang.Object)'> (0x000000068a9e8ad0) 
thrown [s\open\src\hotspot\share\interpreter\linkResolver.cpp, line 804]
Event: 0.225 Thread 0x000001f5638b7cc0 Exception <a 'java/lang/NoSuchMethodError'{0x000000068a9f3948}: 'void java.lang.invoke.DirectMethodHandle$Holder.invokeStatic(java.lang.Object, java.lang.Object)'> (0x000000068a9f3948) 
thrown [s\open\src\hotspot\share\interpreter\linkResolver.cpp, line 804]
Event: 0.260 Thread 0x000001f53db7e4f0 Exception <a 'java/lang/ClassNotFoundException'{0x000000068aa38e20}: sun/awt/resources/spi/awtProvider> (0x000000068aa38e20) 
thrown [s\open\src\hotspot\share\classfile\systemDictionary.cpp, line 329]
Event: 0.288 Thread 0x000001f53db7e4f0 Exception <a 'java/io/FileNotFoundException'{0x000000068aa5f790}> (0x000000068aa5f790) 
thrown [s\open\src\hotspot\share\prims\jni.cpp, line 514]
Event: 0.292 Thread 0x000001f53db7e4f0 Exception <a 'java/io/FileNotFoundException'{0x000000068aa72348}> (0x000000068aa72348) 
thrown [s\open\src\hotspot\share\prims\jni.cpp, line 514]
Event: 0.568 Thread 0x000001f53db7e4f0 Exception <a 'java/lang/NoSuchMethodError'{0x000000068aaf8d88}: 'long java.lang.invoke.DirectMethodHandle$Holder.invokeStatic(java.lang.Object, java.lang.Object)'> (0x000000068aaf8d88) 
thrown [s\open\src\hotspot\share\interpreter\linkResolver.cpp, line 804]
Event: 0.568 Thread 0x000001f53db7e4f0 Exception <a 'java/lang/NoSuchMethodError'{0x000000068ab00de0}: 'long java.lang.invoke.DirectMethodHandle$Holder.invokeStaticInit(java.lang.Object, java.lang.Object)'> (0x000000068ab00de0) 
thrown [s\open\src\hotspot\share\interpreter\linkResolver.cpp, line 804]
Event: 0.570 Thread 0x000001f53db7e4f0 Exception <a 'java/lang/NoSuchMethodError'{0x000000068ab09690}: 'java.lang.Object java.lang.invoke.DirectMethodHandle$Holder.invokeStatic(java.lang.Object, long, java.lang.Object)'> (0x000000068ab09690) 
thrown [s\open\src\hotspot\share\interpreter\linkResolver.cpp, line 804]
Event: 0.572 Thread 0x000001f53db7e4f0 Exception <a 'java/lang/NoSuchMethodError'{0x000000068ab11cb0}: 'java.lang.Object java.lang.invoke.DirectMethodHandle$Holder.invokeStaticInit(java.lang.Object, long, java.lang.Object)'> (0x000000068ab11cb0) 
thrown [s\open\src\hotspot\share\interpreter\linkResolver.cpp, line 804]
Event: 0.573 Thread 0x000001f53db7e4f0 Exception <a 'java/lang/NoSuchMethodError'{0x000000068ab1a128}: 'java.lang.Object java.lang.invoke.DirectMethodHandle$Holder.invokeStatic(java.lang.Object, long)'> (0x000000068ab1a128) 
thrown [s\open\src\hotspot\share\interpreter\linkResolver.cpp, line 804]
Event: 0.573 Thread 0x000001f53db7e4f0 Exception <a 'java/lang/NoSuchMethodError'{0x000000068ab22180}: 'java.lang.Object java.lang.invoke.DirectMethodHandle$Holder.invokeStaticInit(java.lang.Object, long)'> (0x000000068ab22180) 
thrown [s\open\src\hotspot\share\interpreter\linkResolver.cpp, line 804]
Event: 0.680 Thread 0x000001f53db7e4f0 Exception <a 'java/lang/NoSuchMethodError'{0x000000068ab51040}: 'void java.lang.invoke.DirectMethodHandle$Holder.invokeSpecial(java.lang.Object, java.lang.Object, java.lang.Object)'> (0x000000068ab51040) 
thrown [s\open\src\hotspot\share\interpreter\linkResolver.cpp, line 804]
Event: 0.697 Thread 0x000001f53db7e4f0 Exception <a 'java/lang/NoSuchMethodError'{0x000000068abd59a8}: 'java.lang.Object java.lang.invoke.DirectMethodHandle$Holder.newInvokeSpecial(java.lang.Object, java.lang.Object, java.lang.Object, java.lang.Object, java.lang.Object)'> (0x000000068abd59a8) 
thrown [s\open\src\hotspot\share\interpreter\linkResolver.cpp, line 804]
Event: 0.710 Thread 0x000001f53db7e4f0 Exception <a 'java/lang/NoSuchMethodError'{0x000000068a845598}: 'java.lang.Object java.lang.invoke.DirectMethodHandle$Holder.invokeStatic(java.lang.Object, int, java.lang.Object)'> (0x000000068a845598) 
thrown [s\open\src\hotspot\share\interpreter\linkResolver.cpp, line 804]
Event: 0.751 Thread 0x000001f53db7e4f0 Exception <a 'java/lang/ClassNotFoundException'{0x000000068aaa2798}: com/sun/swing/internal/plaf/metal/resources/spi/metalProvider> (0x000000068aaa2798) 
thrown [s\open\src\hotspot\share\classfile\systemDictionary.cpp, line 329]
Event: 0.753 Thread 0x000001f53db7e4f0 Exception <a 'java/lang/ClassNotFoundException'{0x000000068aaa7618}: com/sun/swing/internal/plaf/basic/resources/spi/basicProvider> (0x000000068aaa7618) 
thrown [s\open\src\hotspot\share\classfile\systemDictionary.cpp, line 329]
Event: 0.771 Thread 0x000001f53db7e4f0 Exception <a 'java/lang/NoSuchMethodError'{0x000000068aad46a8}: 'int java.lang.invoke.Invokers$Holder.invokeExact_MT(java.lang.Object, java.lang.Object)'> (0x000000068aad46a8) 
thrown [s\open\src\hotspot\share\interpreter\linkResolver.cpp, line 804]
Event: 0.890 Thread 0x000001f568671180 Implicit null exception at 0x000001f5508c4f36 to 0x000001f5508c5168

VM Operations (20 events):
Event: 0.107 Executing non-safepoint VM operation: HandshakeAllThreads (Deoptimize)
Event: 0.107 Executing non-safepoint VM operation: HandshakeAllThreads (Deoptimize) done
Event: 0.222 Executing non-safepoint VM operation: HandshakeAllThreads (Deoptimize)
Event: 0.222 Executing non-safepoint VM operation: HandshakeAllThreads (Deoptimize) done
Event: 0.701 Executing safepoint VM operation: G1CollectForAllocation (G1 Evacuation Pause)
Event: 0.704 Executing safepoint VM operation: G1CollectForAllocation (G1 Evacuation Pause) done
Event: 0.825 Executing safepoint VM operation: G1CollectForAllocation (G1 Evacuation Pause)
Event: 0.829 Executing safepoint VM operation: G1CollectForAllocation (G1 Evacuation Pause) done
Event: 0.833 Executing safepoint VM operation: G1PauseRemark
Event: 0.834 Executing safepoint VM operation: G1PauseRemark done
Event: 0.834 Executing non-safepoint VM operation: HandshakeAllThreads (Deoptimize)
Event: 0.834 Executing non-safepoint VM operation: HandshakeAllThreads (Deoptimize) done
Event: 0.835 Executing safepoint VM operation: G1PauseCleanup
Event: 0.835 Executing safepoint VM operation: G1PauseCleanup done
Event: 0.888 Executing non-safepoint VM operation: HandshakeAllThreads (Deoptimize)
Event: 0.888 Executing non-safepoint VM operation: HandshakeAllThreads (Deoptimize) done
Event: 0.948 Executing non-safepoint VM operation: HandshakeAllThreads (Deoptimize)
Event: 0.948 Executing non-safepoint VM operation: HandshakeAllThreads (Deoptimize) done
Event: 0.977 Executing safepoint VM operation: G1CollectForAllocation (G1 Evacuation Pause)
Event: 0.980 Executing safepoint VM operation: G1CollectForAllocation (G1 Evacuation Pause) done

Memory protections (0 events):
No events

Nmethod flushes (0 events):
No events

Events (20 events):
Event: 0.073 Thread 0x000001f53db7e4f0 Thread added: 0x000001f562ce8120
Event: 0.073 Thread 0x000001f53db7e4f0 Thread added: 0x000001f562ce8cd0
Event: 0.073 Thread 0x000001f53db7e4f0 Thread added: 0x000001f562cfa210
Event: 0.074 Thread 0x000001f53db7e4f0 Thread added: 0x000001f562d16d70
Event: 0.074 Thread 0x000001f53db7e4f0 Thread added: 0x000001f562d1c660
Event: 0.108 Thread 0x000001f562d1c660 Thread added: 0x000001f5637ac9a0
Event: 0.108 Thread 0x000001f5637ac9a0 Thread added: 0x000001f5637ae5e0
Event: 0.119 Thread 0x000001f562d16d70 Thread added: 0x000001f5637e6670
Event: 0.142 Thread 0x000001f53db7e4f0 Thread added: 0x000001f5638f29d0
Event: 0.198 Thread 0x000001f53db7e4f0 Thread added: 0x000001f5638b7cc0
Event: 0.198 Thread 0x000001f53db7e4f0 Thread added: 0x000001f5638b8470
Event: 0.356 Thread 0x000001f5637e6670 Thread exited: 0x000001f5637e6670
Event: 0.407 Thread 0x000001f53db7e4f0 Thread added: 0x000001f56833ea70
Event: 0.409 Thread 0x000001f53db7e4f0 Thread added: 0x000001f5683420f0
Event: 0.410 Thread 0x000001f53db7e4f0 Thread added: 0x000001f568343ee0
Event: 0.784 Thread 0x000001f53db7e4f0 Thread added: 0x000001f568671180
Event: 0.819 Thread 0x000001f562d1c660 Thread added: 0x000001f568715370
Event: 0.969 Thread 0x000001f5637ac9a0 Thread added: 0x000001f568790470
Event: 0.970 Thread 0x000001f5637ac9a0 Thread added: 0x000001f56d540290
Event: 0.970 Thread 0x000001f5637ac9a0 Thread added: 0x000001f56d61e210


Dynamic libraries:
0x00007ff69c130000 - 0x00007ff69c13e000 	C:\Users\admin\.jdks\openjdk-26.0.1\bin\java.exe
0x00007ffd12b40000 - 0x00007ffd12da6000 	C:\WINDOWS\SYSTEM32\ntdll.dll
0x00007ffd11480000 - 0x00007ffd11549000 	C:\WINDOWS\System32\KERNEL32.DLL
0x00007ffd0ff50000 - 0x00007ffd1034a000 	C:\WINDOWS\System32\KERNELBASE.dll
0x00007ffd0cde0000 - 0x00007ffd0ce80000 	C:\WINDOWS\SYSTEM32\apphelp.dll
0x00007ffd10600000 - 0x00007ffd1074c000 	C:\WINDOWS\System32\ucrtbase.dll
0x00007ffd0ad00000 - 0x00007ffd0ad1e000 	C:\Users\admin\.jdks\openjdk-26.0.1\bin\VCRUNTIME140.dll
0x00007ffd0add0000 - 0x00007ffd0ade7000 	C:\Users\admin\.jdks\openjdk-26.0.1\bin\jli.dll
0x00007ffd11260000 - 0x00007ffd11427000 	C:\WINDOWS\System32\USER32.dll
0x00007ffd10880000 - 0x00007ffd108a7000 	C:\WINDOWS\System32\win32u.dll
0x00007ffd11010000 - 0x00007ffd1103b000 	C:\WINDOWS\System32\GDI32.dll
0x00007ffd10750000 - 0x00007ffd1087b000 	C:\WINDOWS\System32\gdi32full.dll
0x00007ffd10550000 - 0x00007ffd105f3000 	C:\WINDOWS\System32\msvcp_win.dll
0x00007ffcfa050000 - 0x00007ffcfa2e2000 	C:\WINDOWS\WinSxS\amd64_microsoft.windows.common-controls_6595b64144ccf1df_6.0.26100.8521_none_3e08b75ce33403b3\COMCTL32.dll
0x00007ffd11560000 - 0x00007ffd11609000 	C:\WINDOWS\System32\msvcrt.dll
0x00007ffd11440000 - 0x00007ffd11472000 	C:\WINDOWS\System32\IMM32.DLL
0x00007ffd0ae10000 - 0x00007ffd0ae1c000 	C:\Users\admin\.jdks\openjdk-26.0.1\bin\vcruntime140_1.dll
0x00007ffcdbf80000 - 0x00007ffcdc00d000 	C:\Users\admin\.jdks\openjdk-26.0.1\bin\msvcp140.dll
0x00007ffc9d6b0000 - 0x00007ffc9e57e000 	C:\Users\admin\.jdks\openjdk-26.0.1\bin\server\jvm.dll
0x00007ffd111a0000 - 0x00007ffd11256000 	C:\WINDOWS\System32\ADVAPI32.dll
0x00007ffd121b0000 - 0x00007ffd1225a000 	C:\WINDOWS\System32\sechost.dll
0x00007ffd10e80000 - 0x00007ffd10f98000 	C:\WINDOWS\System32\RPCRT4.dll
0x00007ffd11720000 - 0x00007ffd117a0000 	C:\WINDOWS\System32\WS2_32.dll
0x00007ffd0fc30000 - 0x00007ffd0fc8e000 	C:\WINDOWS\SYSTEM32\POWRPROF.dll
0x00007ffd04990000 - 0x00007ffd049c6000 	C:\WINDOWS\SYSTEM32\WINMM.dll
0x00007ffd07f40000 - 0x00007ffd07f4b000 	C:\WINDOWS\SYSTEM32\VERSION.dll
0x00007ffd0fc10000 - 0x00007ffd0fc24000 	C:\WINDOWS\SYSTEM32\UMPDC.dll
0x00007ffd0eb60000 - 0x00007ffd0eb7b000 	C:\WINDOWS\SYSTEM32\kernel.appcore.dll
0x00007ffd0ad40000 - 0x00007ffd0ad4a000 	C:\Users\admin\.jdks\openjdk-26.0.1\bin\jimage.dll
0x00007ffcffb30000 - 0x00007ffcffd72000 	C:\WINDOWS\SYSTEM32\DBGHELP.DLL
0x00007ffd12770000 - 0x00007ffd12af3000 	C:\WINDOWS\System32\combase.dll
0x00007ffd11640000 - 0x00007ffd11719000 	C:\WINDOWS\System32\OLEAUT32.dll
0x00007ffcf4810000 - 0x00007ffcf484b000 	C:\WINDOWS\SYSTEM32\dbgcore.DLL
0x00007ffd10350000 - 0x00007ffd103f8000 	C:\WINDOWS\System32\bcryptPrimitives.dll
0x00007ffd0acf0000 - 0x00007ffd0ad00000 	C:\Users\admin\.jdks\openjdk-26.0.1\bin\instrument.dll
0x00007ffd0acd0000 - 0x00007ffd0acef000 	C:\Users\admin\.jdks\openjdk-26.0.1\bin\java.dll
0x00007ffd12560000 - 0x00007ffd126f8000 	C:\WINDOWS\System32\ole32.dll
0x00007ffd11890000 - 0x00007ffd12014000 	C:\WINDOWS\System32\SHELL32.dll
0x00007ffd0d970000 - 0x00007ffd0e1f0000 	C:\WINDOWS\SYSTEM32\windows.storage.dll
0x00007ffd120b0000 - 0x00007ffd121a6000 	C:\WINDOWS\System32\SHCORE.dll
0x00007ffd10fa0000 - 0x00007ffd11007000 	C:\WINDOWS\System32\shlwapi.dll
0x00007ffd0fcf0000 - 0x00007ffd0fd19000 	C:\WINDOWS\SYSTEM32\profapi.dll
0x00007ffd06e30000 - 0x00007ffd06e47000 	C:\Users\admin\.jdks\openjdk-26.0.1\bin\zip.dll
0x00007ffd07db0000 - 0x00007ffd07dc2000 	C:\Users\admin\.jdks\openjdk-26.0.1\bin\net.dll
0x00007ffd0f0d0000 - 0x00007ffd0f13c000 	C:\WINDOWS\system32\mswsock.dll
0x00007ffd06840000 - 0x00007ffd06856000 	C:\Users\admin\.jdks\openjdk-26.0.1\bin\nio.dll
0x00007ffd06b70000 - 0x00007ffd06b79000 	C:\Users\admin\.jdks\openjdk-26.0.1\bin\extnet.dll
0x00007ffc9d520000 - 0x00007ffc9d6a4000 	C:\Users\admin\.jdks\openjdk-26.0.1\bin\awt.dll
0x00007ffd0d220000 - 0x00007ffd0d24f000 	C:\WINDOWS\system32\DWMAPI.DLL
0x00007ffd0cfd0000 - 0x00007ffd0d07a000 	C:\WINDOWS\system32\uxtheme.dll
0x00007ffc8f280000 - 0x00007ffc8f38c000 	C:\WINDOWS\system32\opengl32.dll
0x00007ffc8f250000 - 0x00007ffc8f27d000 	C:\WINDOWS\SYSTEM32\GLU32.dll
0x00007ffd0d290000 - 0x00007ffd0d2d4000 	C:\WINDOWS\SYSTEM32\dxcore.dll
0x00007ffd11040000 - 0x00007ffd1119d000 	C:\WINDOWS\System32\MSCTF.dll
0x00007ffce0830000 - 0x00007ffce09e1000 	C:\WINDOWS\system32\d3d9.dll
0x00007ffd05c00000 - 0x00007ffd05dbb000 	C:\WINDOWS\System32\DriverStore\FileRepository\u0417466.inf_amd64_643d8f48790e4f09\B417470\aticfx64.dll
0x00007ffd05eb0000 - 0x00007ffd05ee4000 	C:\WINDOWS\System32\DriverStore\FileRepository\u0417466.inf_amd64_643d8f48790e4f09\B417470\atiu9p64.dll
0x00007ffc66a50000 - 0x00007ffc67797000 	C:\WINDOWS\System32\DriverStore\FileRepository\u0417466.inf_amd64_643d8f48790e4f09\B417470\atiumd64.dll
0x0000000075f30000 - 0x0000000076e43000 	C:\WINDOWS\System32\DriverStore\FileRepository\u0417466.inf_amd64_643d8f48790e4f09\B417470\atiumd6a.dll
0x00007ffd108b0000 - 0x00007ffd10d37000 	C:\WINDOWS\System32\SETUPAPI.dll
0x00007ffd04e20000 - 0x00007ffd04e55000 	C:\WINDOWS\SYSTEM32\amdihk64.dll
0x00007ffd09560000 - 0x00007ffd095bf000 	C:\WINDOWS\SYSTEM32\directxdatabasehelper.dll
0x00007ffd0f940000 - 0x00007ffd0f991000 	C:\WINDOWS\SYSTEM32\cfgmgr32.dll

JVMTI agents:
C:\Program Files\JetBrains\IntelliJ IDEA 2026.1.2\lib\idea_rt.jar path:C:\Users\admin\.jdks\openjdk-26.0.1\bin\instrument.dll, loaded, initialized, instrumentlib options:59880

dbghelp: loaded successfully - version: 4.0.5 - missing functions: none
symbol engine: initialized successfully - sym options: 0x614 - pdb path: .;C:\Users\admin\.jdks\openjdk-26.0.1\bin;C:\WINDOWS\SYSTEM32;C:\WINDOWS\WinSxS\amd64_microsoft.windows.common-controls_6595b64144ccf1df_6.0.26100.8521_none_3e08b75ce33403b3;C:\Users\admin\.jdks\openjdk-26.0.1\bin\server;C:\WINDOWS\System32\DriverStore\FileRepository\u0417466.inf_amd64_643d8f48790e4f09\B417470

VM Arguments:
jvm_args: -javaagent:C:\Program Files\JetBrains\IntelliJ IDEA 2026.1.2\lib\idea_rt.jar=59880 -Dfile.encoding=UTF-8 -Dsun.stdout.encoding=UTF-8 -Dsun.stderr.encoding=UTF-8 
java_command: com.bankmanagement.Login
java_class_path (initial): C:\Users\admin\IdeaProjects\Bank\out\production\Bank;C:\Users\admin\IdeaProjects\Bank\jcalendar-1.4.jar;D:\Downloads\postgresql-42.7.12.jar
Launcher Type: SUN_STANDARD

[Global flags]
     bool AOTAdapterCaching                        = false                                  {diagnostic} {ergonomic}
     bool AOTInvokeDynamicLinking                  = false                                  {diagnostic} {ergonomic}
     bool AOTRecordTraining                        = false                                  {diagnostic} {ergonomic}
     bool AOTReplayTraining                        = false                                  {diagnostic} {ergonomic}
     bool AOTStubCaching                           = false                                  {diagnostic} {ergonomic}
     intx CICompilerCount                          = 12                                        {product} {ergonomic}
     uint ConcGCThreads                            = 3                                         {product} {ergonomic}
     uint G1ConcRefinementThreads                  = 13                                        {product} {ergonomic}
     uint G1EagerReclaimRemSetThreshold            = 32                                   {experimental} {ergonomic}
   size_t G1HeapRegionSize                         = 4194304                                   {product} {ergonomic}
     uint G1RemSetArrayOfCardsEntries              = 32                                   {experimental} {ergonomic}
     uint G1RemSetHowlMaxNumBuckets                = 8                                    {experimental} {ergonomic}
     uint G1RemSetHowlNumBuckets                   = 8                                    {experimental} {ergonomic}
   size_t InitialHeapSize                          = 8388608                                   {product} {ergonomic}
     bool IntelJccErratumMitigation                = false                             {ARCH diagnostic} {ergonomic}
   size_t MarkStackSize                            = 4194304                                   {product} {ergonomic}
   size_t MarkStackSizeMax                         = 536870912                                 {product} {ergonomic}
   size_t MaxHeapSize                              = 6270484480                                {product} {ergonomic}
   size_t MaxNewSize                               = 3762290688                                {product} {ergonomic}
 uint64_t MaxRAM                                   = 25073807360                               {product} {ergonomic}
   size_t MinHeapDeltaBytes                        = 4194304                                   {product} {ergonomic}
   size_t MinHeapSize                              = 8388608                                   {product} {ergonomic}
   size_t NonNMethodCodeHeapSize                   = 7667712                                {pd product} {ergonomic}
   size_t NonProfiledCodeHeapSize                  = 122028032                              {pd product} {ergonomic}
   size_t ProfiledCodeHeapSize                     = 122028032                              {pd product} {ergonomic}
   size_t ReservedCodeCacheSize                    = 251723776                              {pd product} {ergonomic}
     bool SegmentedCodeCache                       = true                                      {product} {ergonomic}
   size_t SoftMaxHeapSize                          = 6270484480                             {manageable} {ergonomic}
     bool UseCompressedOops                        = true                           {product lp64_product} {ergonomic}
     bool UseCondCardMark                          = true                                      {product} {ergonomic}
     bool UseFastUnorderedTimeStamps               = true                                 {experimental} {ergonomic}
     bool UseG1GC                                  = true                                      {product} {ergonomic}
     bool UseLargePagesIndividualAllocation        = false                                  {pd product} {ergonomic}
      int X86ICacheSync                            = 3                                 {ARCH diagnostic} {ergonomic}

Logging:
Log output configuration:
 #0: stdout all=warning uptime,level,tags foldmultilines=false
 #1: stderr all=off uptime,level,tags foldmultilines=false

Release file:
IMPLEMENTOR="Oracle Corporation" 
JAVA_RUNTIME_VERSION="26.0.1+8-34" 
JAVA_VERSION="26.0.1" 
JAVA_VERSION_DATE="2026-04-21" 
LIBC="default" 
MODULES="java.base java.compiler java.datatransfer java.xml java.prefs java.desktop java.instrument java.logging java.management java.security.sasl java.naming java.rmi java.management.rmi java.net.http java.scripting java.security.jgss java.transaction.xa java.sql java.sql.rowset java.xml.crypto java.se java.smartcardio jdk.accessibility jdk.internal.jvmstat jdk.attach jdk.charsets jdk.internal.opt jdk.zipfs jdk.compiler jdk.crypto.cryptoki jdk.crypto.ec jdk.crypto.mscapi jdk.dynalink jdk.internal.ed jdk.editpad jdk.internal.vm.ci jdk.graal.compiler jdk.graal.compiler.management jdk.hotspot.agent jdk.httpserver jdk.incubator.vector jdk.internal.le jdk.internal.md jdk.jartool jdk.javadoc jdk.jcmd jdk.management jdk.management.agent jdk.jconsole jdk.jdeps jdk.jdwp.agent jdk.jdi jdk.jfr jdk.jlink jdk.jpackage jdk.jshell jdk.jstatd jdk.localedata jdk.management.jfr jdk.naming.dns jdk.naming.rmi jdk.net jdk.nio.mapmode jdk.sctp jdk.security.auth jdk.security.jgss jdk.unsupported jdk.unsupported.desktop jdk.xml.dom" 
OS_ARCH="x86_64" 
OS_NAME="Windows" 
SOURCE=".:git:fcc00fc4aee7" 

Environment Variables:
PATH=C:\WINDOWS\system32;C:\WINDOWS;C:\WINDOWS\System32\Wbem;C:\WINDOWS\System32\WindowsPowerShell\v1.0\;C:\WINDOWS\System32\OpenSSH\;C:\Program Files\NVIDIA Corporation\NVIDIA App\NvDLISR;C:\Program Files (x86)\NVIDIA Corporation\PhysX\Common;C:\Program Files\PostgreSQL\18\bin;C:\Program Files\Microsoft SQL Server\170\Tools\Binn\;C:\Program Files\Microsoft SQL Server\Client SDK\ODBC\170\Tools\Binn\;C:\Program Files\dotnet\;C:\Program Files\Cloudflare\Cloudflare WARP\;C:\Program Files\Git\cmd;C:\Users\admin\.local\bin;D:\Downloads\mingw64\bin;C:\Users\admin\AppData\Local\Microsoft\WindowsApps;C:\Program Files\JetBrains\IntelliJ IDEA 2026.1.2\bin;C:\Users\admin\AppData\Local\Programs\Microsoft VS Code\bin;C:\Program Files\PostgreSQL\18\bin;C:\Users\admin\.dotnet\tools;C:\Users\admin\AppData\Local\Python\bin
USERNAME=admin
OS=Windows_NT
PROCESSOR_IDENTIFIER=AMD64 Family 25 Model 80 Stepping 0, AuthenticAMD
TMP=C:\Users\admin\AppData\Local\Temp
TEMP=C:\Users\admin\AppData\Local\Temp




Compilation memory statistics disabled.

Periodic native trim disabled

---------------  S Y S T E M  ---------------

OS:
 Windows 11 , 64 bit Build 26100 (10.0.26100.8521)
OS uptime: 1 days 8:21 hours
Hyper-V role detected

CPU: total 16 (initial active 16) (8 cores per cpu, 2 threads per core) family 25 model 80 stepping 0 microcode 0xa500014, cx8, cmov, fxsr, ht, mmx, 3dnowpref, sse, sse2, sse3, ssse3, sse4a, sse4.1, sse4.2, popcnt, lzcnt, tsc, tscinvbit, avx, avx2, aes, erms, clmul, bmi1, bmi2, adx, sha, fma, vzeroupper, clflush, clflushopt, clwb, hv, rdtscp, rdpid, fsrm, f16c, cet_ss
Processor Information for processor 0
  Max Mhz: 3201, Current Mhz: 1990, Mhz Limit: 3201
Processor Information for processor 1
  Max Mhz: 3201, Current Mhz: 3201, Mhz Limit: 3201
Processor Information for processor 2
  Max Mhz: 3201, Current Mhz: 1990, Mhz Limit: 3201
Processor Information for processor 3
  Max Mhz: 3201, Current Mhz: 3201, Mhz Limit: 3201
Processor Information for processor 4
  Max Mhz: 3201, Current Mhz: 3201, Mhz Limit: 3201
Processor Information for processor 5
  Max Mhz: 3201, Current Mhz: 3201, Mhz Limit: 3201
Processor Information for processor 6
  Max Mhz: 3201, Current Mhz: 3201, Mhz Limit: 3201
Processor Information for processor 7
  Max Mhz: 3201, Current Mhz: 3201, Mhz Limit: 3201
Processor Information for processor 8
  Max Mhz: 3201, Current Mhz: 3201, Mhz Limit: 3201
Processor Information for processor 9
  Max Mhz: 3201, Current Mhz: 1990, Mhz Limit: 3201
Processor Information for processor 10
  Max Mhz: 3201, Current Mhz: 3201, Mhz Limit: 3201
Processor Information for processor 11
  Max Mhz: 3201, Current Mhz: 1990, Mhz Limit: 3201
Processor Information for processor 12
  Max Mhz: 3201, Current Mhz: 1990, Mhz Limit: 3201
Processor Information for processor 13
  Max Mhz: 3201, Current Mhz: 3201, Mhz Limit: 3201
Processor Information for processor 14
  Max Mhz: 3201, Current Mhz: 1990, Mhz Limit: 3201
Processor Information for processor 15
  Max Mhz: 3201, Current Mhz: 3201, Mhz Limit: 3201

Memory: 4k page, system-wide physical 23912M (1118M free)
TotalPageFile size 37452M (AvailPageFile size 5M)
current process WorkingSet (physical memory assigned to process): 98M, peak: 99M
current process commit charge ("private bytes"): 149M, peak: 152M

vm_info: OpenJDK 64-Bit Server VM (26.0.1+8-34) for windows-amd64 JRE (26.0.1+8-34), built on 2026-03-10T17:24:10Z with MS VC++ 17.13 (VS2022)

END.
