#
# There is insufficient memory for the Java Runtime Environment to continue.
# Native memory allocation (malloc) failed to allocate 1202264 bytes. Error detail: Chunk::new
# Possible reasons:
#   The system is out of physical RAM or swap space
#   This process is running with CompressedOops enabled, and the Java Heap may be blocking the growth of the native heap
# Possible solutions:
#   Reduce memory load on the system
#   Increase physical memory or swap space
#   Check if swap backing store is full
#   Decrease Java heap size (-Xmx/-Xms)
#   Decrease number of Java threads
#   Decrease Java thread stack sizes (-Xss)
#   Set larger code cache with -XX:ReservedCodeCacheSize=
#   JVM is running with Zero Based Compressed Oops mode in which the Java heap is
#     placed in the first 32GB address space. The Java Heap base address is the
#     maximum limit for the native heap growth. Please use -XX:HeapBaseMinAddress
#     to set the Java Heap base and to place the Java Heap above 32GB virtual address.
# This output file may be truncated or incomplete.
#
#  Out of Memory Error (arena.cpp:193), pid=30552, tid=29216
#
# JRE version: OpenJDK Runtime Environment (26.0.1+8) (build 26.0.1+8-34)
# Java VM: OpenJDK 64-Bit Server VM (26.0.1+8-34, mixed mode, sharing, tiered, compressed oops, compressed class ptrs, g1 gc, windows-amd64)
# No core dump will be written. Minidumps are not enabled by default on client versions of Windows
#

---------------  S U M M A R Y ------------

Command Line: -javaagent:C:\Program Files\JetBrains\IntelliJ IDEA 2026.1.2\lib\idea_rt.jar=54936 -Dfile.encoding=UTF-8 -Dsun.stdout.encoding=UTF-8 -Dsun.stderr.encoding=UTF-8 com.bankmanagement.Login

Host: AMD Ryzen 7 5800H with Radeon Graphics         , 16 cores, 23G,  Windows 11 , 64 bit Build 26100 (10.0.26100.8521)
Time: Mon Jul  6 23:04:25 2026 SE Asia Standard Time elapsed time: 534.113479 seconds (0d 0h 8m 54s)

---------------  T H R E A D  ---------------

Current thread (0x0000021033804ba0):  JavaThread "C2 CompilerThread0" daemon [_thread_in_native, id=29216, stack(0x0000007304300000,0x0000007304400000) (1024K)]


Current CompileTask:
C2:534113 2244       4       java.util.ArrayList::toArray (57 bytes)

Stack: [0x0000007304300000,0x0000007304400000]
Native frames: (J=compiled Java code, j=interpreted, Vv=VM code, C=native code)
V  [jvm.dll+0x7d5879]  (no source info available)
V  [jvm.dll+0x7a37dd]  (no source info available)
V  [jvm.dll+0x9b0c10]  (no source info available)
V  [jvm.dll+0x9b3061]  (no source info available)
V  [jvm.dll+0x9b3773]  (no source info available)
V  [jvm.dll+0x30df76]  (no source info available)
V  [jvm.dll+0x11d8a6]  (no source info available)
V  [jvm.dll+0x11dbce]  (no source info available)
V  [jvm.dll+0x1afbe6]  (no source info available)
V  [jvm.dll+0x3ca822]  (no source info available)
V  [jvm.dll+0x7de462]  (no source info available)
V  [jvm.dll+0x2d1647]  (no source info available)
V  [jvm.dll+0x2d05bf]  (no source info available)
V  [jvm.dll+0x246820]  (no source info available)
V  [jvm.dll+0x2e06dc]  (no source info available)
V  [jvm.dll+0x2de8bd]  (no source info available)
V  [jvm.dll+0x4a3ff1]  (no source info available)
V  [jvm.dll+0x94f649]  (no source info available)
V  [jvm.dll+0x7d7358]  (no source info available)
C  [ucrtbase.dll+0x2cd30]  (no source info available)
C  [KERNEL32.DLL+0x2e957]  (no source info available)
C  [ntdll.dll+0x87c1c]  (no source info available)

Lock stack of current Java thread (top to bottom):


---------------  P R O C E S S  ---------------

Threads class SMR info:
_java_thread_list=0x000002103dbb8df0, length=18, elements={
0x00000210337b0860, 0x00000210337b1160, 0x00000210337b22f0, 0x00000210337b3eb0,
0x00000210337bca70, 0x00000210337e2790, 0x0000021033804ba0, 0x00000210338063b0,
0x0000021033cbe780, 0x0000021033d3bc10, 0x0000021033d3c3c0, 0x000002103831d7d0,
0x0000021038321260, 0x0000021038323a20, 0x00000210387a1620, 0x000002103daf1490,
0x000002100e0c4d00, 0x000002103dcb5000
}

Java Threads: ( => current thread )
  0x00000210337b0860 JavaThread "Reference Handler"          daemon [_thread_blocked, id=31196, stack(0x0000007303d00000,0x0000007303e00000) (1024K)]
  0x00000210337b1160 JavaThread "Finalizer"                  daemon [_thread_blocked, id=27632, stack(0x0000007303e00000,0x0000007303f00000) (1024K)]
  0x00000210337b22f0 JavaThread "Signal Dispatcher"          daemon [_thread_blocked, id=20672, stack(0x0000007303f00000,0x0000007304000000) (1024K)]
  0x00000210337b3eb0 JavaThread "Attach Listener"            daemon [_thread_blocked, id=30616, stack(0x0000007304000000,0x0000007304100000) (1024K)]
  0x00000210337bca70 JavaThread "Service Thread"             daemon [_thread_blocked, id=28276, stack(0x0000007304100000,0x0000007304200000) (1024K)]
  0x00000210337e2790 JavaThread "Monitor Deflation Thread"   daemon [_thread_blocked, id=9920, stack(0x0000007304200000,0x0000007304300000) (1024K)]
=>0x0000021033804ba0 JavaThread "C2 CompilerThread0"         daemon [_thread_in_native, id=29216, stack(0x0000007304300000,0x0000007304400000) (1024K)]
  0x00000210338063b0 JavaThread "C1 CompilerThread0"         daemon [_thread_blocked, id=16664, stack(0x0000007304400000,0x0000007304500000) (1024K)]
  0x0000021033cbe780 JavaThread "Common-Cleaner"             daemon [_thread_blocked, id=25112, stack(0x0000007304700000,0x0000007304800000) (1024K)]
  0x0000021033d3bc10 JavaThread "Monitor Ctrl-Break"         daemon [_thread_in_native, id=27424, stack(0x0000007304800000,0x0000007304900000) (1024K)]
  0x0000021033d3c3c0 JavaThread "Notification Thread"        daemon [_thread_blocked, id=31260, stack(0x0000007304900000,0x0000007304a00000) (1024K)]
  0x000002103831d7d0 JavaThread "Java2D Disposer"            daemon [_thread_blocked, id=11644, stack(0x0000007304a00000,0x0000007304b00000) (1024K)]
  0x0000021038321260 JavaThread "AWT-Shutdown"                      [_thread_blocked, id=19704, stack(0x0000007304b00000,0x0000007304c00000) (1024K)]
  0x0000021038323a20 JavaThread "AWT-Windows"                daemon [_thread_in_native, id=26896, stack(0x0000007304c00000,0x0000007304d00000) (1024K)]
  0x00000210387a1620 JavaThread "AWT-EventQueue-0"                  [_thread_blocked, id=18948, stack(0x0000007306200000,0x0000007306300000) (1024K)]
  0x000002103daf1490 JavaThread "D3D Screen Updater"         daemon [_thread_blocked, id=24196, stack(0x0000007306400000,0x0000007306500000) (1024K)]
  0x000002100e0c4d00 JavaThread "DestroyJavaVM"                     [_thread_blocked, id=19432, stack(0x0000007303400000,0x0000007303500000) (1024K)]
  0x000002103dcb5000 JavaThread "TimerQueue"                 daemon [_thread_blocked, id=25664, stack(0x0000007306500000,0x0000007306600000) (1024K)]
Total: 18

Other Threads:
  0x00000210337a3f90 VMThread "VM Thread"                           [id=30828, stack(0x0000007303c00000,0x0000007303d00000) (1024K)]
  0x0000021033792a10 WatcherThread "VM Periodic Task Thread"        [id=18236, stack(0x0000007303b00000,0x0000007303c00000) (1024K)]
  0x0000021010516a40 WorkerThread "GC Thread#0"                     [id=27808, stack(0x0000007303500000,0x0000007303600000) (1024K)]
  0x000002103867f1f0 WorkerThread "GC Thread#1"                     [id=27828, stack(0x0000007305900000,0x0000007305a00000) (1024K)]
  0x000002103867f610 WorkerThread "GC Thread#2"                     [id=28368, stack(0x0000007305a00000,0x0000007305b00000) (1024K)]
  0x000002103868d850 WorkerThread "GC Thread#3"                     [id=27096, stack(0x0000007305b00000,0x0000007305c00000) (1024K)]
  0x00000210387b8a80 WorkerThread "GC Thread#4"                     [id=30284, stack(0x0000007306100000,0x0000007306200000) (1024K)]
  0x000002103dd087a0 WorkerThread "GC Thread#5"                     [id=9004, stack(0x0000007304500000,0x0000007304600000) (1024K)]
  0x000002103e305950 WorkerThread "GC Thread#6"                     [id=28256, stack(0x0000007305c00000,0x0000007305d00000) (1024K)]
  0x00000210105293e0 ConcurrentGCThread "G1 Main Marker"            [id=22136, stack(0x0000007303600000,0x0000007303700000) (1024K)]
  0x000002101052ccc0 WorkerThread "G1 Conc#0"                       [id=27416, stack(0x0000007303700000,0x0000007303800000) (1024K)]
  0x00000210387255f0 WorkerThread "G1 Conc#1"                       [id=26156, stack(0x0000007305f00000,0x0000007306000000) (1024K)]
  0x0000021038721f50 WorkerThread "G1 Conc#2"                       [id=17456, stack(0x0000007306000000,0x0000007306100000) (1024K)]
  0x0000021010578450 WorkerThread "G1 Refinement Workers#0"         [id=29592, stack(0x0000007303900000,0x0000007303a00000) (1024K)]
  0x000002103366c850 ConcurrentGCThread "G1 Refine Control"         [id=24512, stack(0x0000007303800000,0x0000007303900000) (1024K)]
  0x0000021010578c70 ConcurrentGCThread "G1 Service"                [id=29776, stack(0x0000007303a00000,0x0000007303b00000) (1024K)]
Total: 16

Threads with active compile tasks:
C2 CompilerThread0  534178 2244       4       java.util.ArrayList::toArray (57 bytes)
Total: 1

VM state: not at safepoint (normal execution)

VM Mutex/Monitor currently owned by a thread: None

Heap address: 0x000000068a400000, size: 5980 MB, Compressed Oops mode: Zero based, Oop shift amount: 3

CDS archive(s) mapped at: [0x000000008b000000-0x000000008bde0000-0x000000008bde0000), size 14548992, SharedBaseAddress: 0x000000008b000000, ArchiveRelocationMode: 1.
Compressed class space mapped at: 0x000000008c000000-0x00000000cc000000, reserved size: 1073741824
UseCompressedClassPointers 1, UseCompactObjectHeaders 0
Narrow klass pointer bits 32, Max shift 3
Narrow klass base: 0x000000008b000000, Narrow klass shift: 0
Encoding Range: [0x000000008b000000 - 0x000000018b000000), (4294967296 bytes)
Klass Range:    [0x000000008b000000 - 0x00000000cc000000), (1090519040 bytes)
Klass ID Range:  [8 - 1090519033) (1090519025)
Protection zone: [0x000000008b000000 - 0x000000008b010000), (65536 bytes)

GC Precious Log:
 CardTable entry size: 512
 Card Set container configuration: InlinePtr #cards 4 size 8 Array Of Cards #cards 32 size 80 Howl #buckets 8 coarsen threshold 7372 Howl Bitmap #cards 1024 size 144 coarsen threshold 921 Card regions per heap region 1 cards per card region 8192
 CPUs: 16 total, 16 available
 Memory: 23912M
 Large Page Support: Disabled
 NUMA Support: Disabled
 Compressed Oops: Enabled (Zero based)
 Heap Region Size: 4M
 Heap Min Capacity: 8M
 Heap Initial Capacity: 8M
 Heap Max Capacity: 5980M
 Pre-touch: Disabled
 Parallel Workers: 13
 Concurrent Workers: 3
 Concurrent Refinement Workers: 13
 Periodic GC: Disabled

Heap:
 garbage-first heap   total reserved 6123520K, committed 24576K, used 8599K [0x000000068a400000, 0x0000000800000000)
  region size 4M, 1 eden (4M), 1 survivor (4M), 2 old (8M), 0 humongous (0M), 2 free (8M)

Heap Regions: E=young(eden), S=young(survivor), O=old, HS=humongous(starts), HC=humongous(continues), CS=collection set, F=free, TAMS=top-at-mark-start, PB=parsable bottom
|    0|0x000000068a400000, 0x000000068a400000, 0x000000068a800000|  0%| F|  |TAMS 0x000000068a400000| PB 0x000000068a400000| Untracked |  0
|    1|0x000000068a800000, 0x000000068a800000, 0x000000068ac00000|  0%| F|  |TAMS 0x000000068a800000| PB 0x000000068a800000| Untracked |  0
|    2|0x000000068ac00000, 0x000000068ad91650, 0x000000068b000000| 39%| S|CS|TAMS 0x000000068ac00000| PB 0x000000068ac00000| Complete  |  0
| 1492|0x00000007ff400000, 0x00000007ff6d4710, 0x00000007ff800000| 70%| O|  |TAMS 0x00000007ff400000| PB 0x00000007ff400000| Untracked |  1
| 1493|0x00000007ff800000, 0x00000007ffc00000, 0x00000007ffc00000|100%| O|  |TAMS 0x00000007ff800000| PB 0x00000007ff800000| Untracked |  0
| 1494|0x00000007ffc00000, 0x00000007ffd674c8, 0x0000000800000000| 35%| E|CS|TAMS 0x00000007ffc00000| PB 0x00000007ffc00000| Complete  |  0

Card table byte_map: [0x000002102a270000,0x000002102ae20000] _byte_map_base: 0x0000021026e1e000
Refinement table byte_map: [0x00000210296c0000,0x000002102a270000] _byte_map_base: 0x000002102626e000

Marking Bits: (CMBitMap*) 0x00000210105171c0
 Bits: [0x000002102ae20000, 0x0000021030b90000)

Polling page: 0x000002100e2c0000

Metaspace:
Metaspace        used 12475K, committed 12736K, reserved 1114112K
 class space     used 1429K, committed 1536K, reserved 1048576K

Usage:
  Non-class:     10.79 MB used.
      Class:      1.40 MB used.
       Both:     12.18 MB used.

Virtual space:
  Non-class space:       64.00 MB reserved,      10.94 MB ( 17%) committed,  1 nodes.
      Class space:        1.00 GB reserved,       1.50 MB ( <1%) committed,  1 nodes.
             Both:        1.06 GB reserved,      12.44 MB (  1%) committed. 

Chunk freelists:
   Non-Class:  4.98 MB
       Class:  14.54 MB
        Both:  19.52 MB

MaxMetaspaceSize: unlimited
CompressedClassSpaceSize: 1.00 GB
Initial GC threshold: 21.00 MB
Current GC threshold: 21.00 MB
CDS: on
 - commit_granule_bytes: 65536.
 - commit_granule_words: 8192.
 - virtual_space_node_default_size: 8388608.
 - enlarge_chunks_in_place: 1.
UseCompressedClassPointers 1, UseCompactObjectHeaders 0
Narrow klass pointer bits 32, Max shift 3
Narrow klass base: 0x000000008b000000, Narrow klass shift: 0
Encoding Range: [0x000000008b000000 - 0x000000018b000000), (4294967296 bytes)
Klass Range:    [0x000000008b000000 - 0x00000000cc000000), (1090519040 bytes)
Klass ID Range:  [8 - 1090519033) (1090519025)
Protection zone: [0x000000008b000000 - 0x000000008b010000), (65536 bytes)


Internal statistics:

num_allocs_failed_limit: 0.
num_arena_births: 114.
num_arena_deaths: 0.
num_vsnodes_births: 2.
num_vsnodes_deaths: 0.
num_space_committed: 199.
num_space_uncommitted: 0.
num_chunks_returned_to_freelist: 0.
num_chunks_taken_from_freelist: 195.
num_chunk_merges: 0.
num_chunk_splits: 104.
num_chunks_enlarged: 35.
num_inconsistent_stats: 0.

CodeHeap 'non-profiled nmethods': size=119168Kb used=694Kb max_used=694Kb free=118473Kb
 bounds [0x0000021020d10000, 0x0000021020f80000, 0x0000021028170000]
CodeHeap 'profiled nmethods': size=119168Kb used=3489Kb max_used=3489Kb free=115678Kb
 bounds [0x0000021019160000, 0x00000210194d0000, 0x00000210205c0000]
CodeHeap 'non-nmethods': size=7488Kb used=1632Kb max_used=3342Kb free=5855Kb
 bounds [0x00000210205c0000, 0x0000021020910000, 0x0000021020d10000]
CodeCache: size=245824Kb, used=5815Kb, max_used=7525Kb, free=240006Kb
 total_blobs=2986, nmethods=2243, adapters=646, full_count=0
Compilation: enabled, stopped_count=0, restarted_count=0

Compilation events (20 events):
Event: 18.718 Thread 0x0000021033804ba0 nmethod 2234 0x0000021020dbb608 code [0x0000021020dbb700, 0x0000021020dbb840]
Event: 109.980 Thread 0x0000021033804ba0 2235       4       java.util.HashMap::hash (20 bytes)
Event: 109.980 Thread 0x00000210338063b0 2236   !   3       java.awt.Toolkit::setDesktopProperty (70 bytes)
Event: 109.981 Thread 0x00000210338063b0 nmethod 2236 0x00000210194c7888 code [0x00000210194c7980, 0x00000210194c8170]
Event: 109.981 Thread 0x0000021033804ba0 nmethod 2235 0x0000021020dbb908 code [0x0000021020dbba00, 0x0000021020dbbad8]
Event: 192.503 Thread 0x0000021033804ba0 2237       4       sun.java2d.StateTrackableDelegate$1::isCurrent (17 bytes)
Event: 192.503 Thread 0x0000021033804ba0 nmethod 2237 0x0000021020dbbc08 code [0x0000021020dbbd00, 0x0000021020dbbd90]
Event: 193.207 Thread 0x0000021033804ba0 2238       4       sun.java2d.d3d.D3DSurfaceData$D3DWindowSurfaceData::isDirty (18 bytes)
Event: 193.209 Thread 0x0000021033804ba0 nmethod 2238 0x0000021020dbbf08 code [0x0000021020dbc000, 0x0000021020dbc0d0]
Event: 240.630 Thread 0x00000210338063b0 2239       3       java.lang.ref.ReferenceQueue::poll0 (65 bytes)
Event: 240.631 Thread 0x00000210338063b0 nmethod 2239 0x00000210194c8188 code [0x00000210194c8280, 0x00000210194c8708]
Event: 384.584 Thread 0x0000021033804ba0 2240       4       java.util.Arrays::copyOf (40 bytes)
Event: 384.589 Thread 0x0000021033804ba0 nmethod 2240 0x0000021020dbc208 code [0x0000021020dbc300, 0x0000021020dbc7d0]
Event: 397.555 Thread 0x0000021033804ba0 2241       4       java.util.Arrays::copyOf (40 bytes)
Event: 397.560 Thread 0x0000021033804ba0 nmethod 2241 0x0000021020dbc808 code [0x0000021020dbc900, 0x0000021020dbce40]
Event: 507.076 Thread 0x0000021033804ba0 2242   !   4       java.lang.Object::wait (59 bytes)
Event: 507.077 Thread 0x0000021033804ba0 nmethod 2242 0x0000021020dbce88 code [0x0000021020dbcf80, 0x0000021020dbd070]
Event: 521.136 Thread 0x0000021033804ba0 2243       4       java.util.ArrayList::toArray (57 bytes)
Event: 521.144 Thread 0x0000021033804ba0 nmethod 2243 0x0000021020dbd188 code [0x0000021020dbd280, 0x0000021020dbd830]
Event: 534.106 Thread 0x0000021033804ba0 2244       4       java.util.ArrayList::toArray (57 bytes)

GC Heap Usage History (10 events):
Event: 0.414 {heap Before GC invocations=0 (full 0):
 garbage-first heap   total reserved 6123520K, committed 12288K, used 5279K [0x000000068a400000, 0x0000000800000000)
  region size 4M, 1 eden (4M), 0 survivor (0M), 1 old (4M), 0 humongous (0M), 1 free (4M)
}
Event: 0.417 {heap After GC invocations=1 (full 0):
 garbage-first heap   total reserved 6123520K, committed 12288K, used 2346K [0x000000068a400000, 0x0000000800000000)
  region size 4M, 0 eden (0M), 1 survivor (4M), 1 old (4M), 0 humongous (0M), 1 free (4M)
}
Event: 0.512 {heap Before GC invocations=1 (full 0):
 garbage-first heap   total reserved 6123520K, committed 12288K, used 2346K [0x000000068a400000, 0x0000000800000000)
  region size 4M, 1 eden (4M), 1 survivor (4M), 1 old (4M), 0 humongous (0M), 0 free (0M)
}
Event: 0.514 {heap After GC invocations=2 (full 0):
 garbage-first heap   total reserved 6123520K, committed 16384K, used 3134K [0x000000068a400000, 0x0000000800000000)
  region size 4M, 0 eden (0M), 1 survivor (4M), 1 old (4M), 0 humongous (0M), 2 free (8M)
}
Event: 0.600 {heap Before GC invocations=3 (full 0):
 garbage-first heap   total reserved 6123520K, committed 16384K, used 3134K [0x000000068a400000, 0x0000000800000000)
  region size 4M, 1 eden (4M), 1 survivor (4M), 1 old (4M), 0 humongous (0M), 1 free (4M)
}
Event: 0.604 {heap After GC invocations=4 (full 0):
 garbage-first heap   total reserved 6123520K, committed 20480K, used 7327K [0x000000068a400000, 0x0000000800000000)
  region size 4M, 0 eden (0M), 1 survivor (4M), 2 old (8M), 0 humongous (0M), 2 free (8M)
}
Event: 11.052 {heap Before GC invocations=4 (full 0):
 garbage-first heap   total reserved 6123520K, committed 20480K, used 11423K [0x000000068a400000, 0x0000000800000000)
  region size 4M, 1 eden (4M), 1 survivor (4M), 2 old (8M), 0 humongous (0M), 1 free (4M)
}
Event: 11.056 {heap After GC invocations=5 (full 0):
 garbage-first heap   total reserved 6123520K, committed 24576K, used 7475K [0x000000068a400000, 0x0000000800000000)
  region size 4M, 0 eden (0M), 1 survivor (4M), 2 old (8M), 0 humongous (0M), 3 free (12M)
}
Event: 13.283 {heap Before GC invocations=5 (full 0):
 garbage-first heap   total reserved 6123520K, committed 24576K, used 11571K [0x000000068a400000, 0x0000000800000000)
  region size 4M, 1 eden (4M), 1 survivor (4M), 2 old (8M), 0 humongous (0M), 2 free (8M)
}
Event: 13.285 {heap After GC invocations=6 (full 0):
 garbage-first heap   total reserved 6123520K, committed 24576K, used 8599K [0x000000068a400000, 0x0000000800000000)
  region size 4M, 0 eden (0M), 1 survivor (4M), 2 old (8M), 0 humongous (0M), 3 free (12M)
}

Metaspace Usage History (10 events):
Event: 0.414 {metaspace Before GC invocations=0 (full 0):
 Metaspace       used 4518K, committed 4672K, reserved 1114112K
  class space    used 434K, committed 512K, reserved 1048576K
}
Event: 0.417 {metaspace After GC invocations=1 (full 0):
 Metaspace       used 4518K, committed 4672K, reserved 1114112K
  class space    used 434K, committed 512K, reserved 1048576K
}
Event: 0.512 {metaspace Before GC invocations=1 (full 0):
 Metaspace       used 5445K, committed 5632K, reserved 1114112K
  class space    used 553K, committed 640K, reserved 1048576K
}
Event: 0.514 {metaspace After GC invocations=2 (full 0):
 Metaspace       used 5445K, committed 5632K, reserved 1114112K
  class space    used 553K, committed 640K, reserved 1048576K
}
Event: 0.600 {metaspace Before GC invocations=3 (full 0):
 Metaspace       used 6065K, committed 6272K, reserved 1114112K
  class space    used 607K, committed 704K, reserved 1048576K
}
Event: 0.604 {metaspace After GC invocations=4 (full 0):
 Metaspace       used 6065K, committed 6272K, reserved 1114112K
  class space    used 607K, committed 704K, reserved 1048576K
}
Event: 11.052 {metaspace Before GC invocations=4 (full 0):
 Metaspace       used 9754K, committed 9856K, reserved 1114112K
  class space    used 1052K, committed 1088K, reserved 1048576K
}
Event: 11.056 {metaspace After GC invocations=5 (full 0):
 Metaspace       used 9754K, committed 9856K, reserved 1114112K
  class space    used 1052K, committed 1088K, reserved 1048576K
}
Event: 13.283 {metaspace Before GC invocations=5 (full 0):
 Metaspace       used 12420K, committed 12608K, reserved 1114112K
  class space    used 1428K, committed 1536K, reserved 1048576K
}
Event: 13.285 {metaspace After GC invocations=6 (full 0):
 Metaspace       used 12420K, committed 12608K, reserved 1114112K
  class space    used 1428K, committed 1536K, reserved 1048576K
}

Dll operation events (20 events):
Event: 0.098 Attempting to load shared library C:\Users\admin\.jdks\openjdk-26.0.1\bin\instrument.dll
Event: 0.098 Loaded shared library C:\Users\admin\.jdks\openjdk-26.0.1\bin\instrument.dll
Event: 0.103 Attempting to load shared library C:\Users\admin\.jdks\openjdk-26.0.1\bin\net.dll
Event: 0.103 Loaded shared library C:\Users\admin\.jdks\openjdk-26.0.1\bin\net.dll
Event: 0.105 Attempting to load shared library C:\Users\admin\.jdks\openjdk-26.0.1\bin\nio.dll
Event: 0.105 Loaded shared library C:\Users\admin\.jdks\openjdk-26.0.1\bin\nio.dll
Event: 0.114 Attempting to load shared library C:\Users\admin\.jdks\openjdk-26.0.1\bin\zip.dll
Event: 0.114 Loaded shared library C:\Users\admin\.jdks\openjdk-26.0.1\bin\zip.dll
Event: 0.152 Attempting to load shared library C:\Users\admin\.jdks\openjdk-26.0.1\bin\extnet.dll
Event: 0.153 Loaded shared library C:\Users\admin\.jdks\openjdk-26.0.1\bin\extnet.dll
Event: 0.162 Attempting to load shared library C:\Users\admin\.jdks\openjdk-26.0.1\bin\jimage.dll
Event: 0.162 Loaded shared library C:\Users\admin\.jdks\openjdk-26.0.1\bin\jimage.dll
Event: 0.173 Attempting to load shared library C:\Users\admin\.jdks\openjdk-26.0.1\bin\awt.dll
Event: 0.181 Loaded shared library C:\Users\admin\.jdks\openjdk-26.0.1\bin\awt.dll
Event: 0.716 Attempting to load shared library C:\Users\admin\.jdks\openjdk-26.0.1\bin\freetype.dll
Event: 0.718 Loaded shared library C:\Users\admin\.jdks\openjdk-26.0.1\bin\freetype.dll
Event: 0.719 Attempting to load shared library C:\Users\admin\.jdks\openjdk-26.0.1\bin\fontmanager.dll
Event: 0.722 Loaded shared library C:\Users\admin\.jdks\openjdk-26.0.1\bin\fontmanager.dll
Event: 11.847 Attempting to load shared library C:\Users\admin\.jdks\openjdk-26.0.1\bin\verify.dll
Event: 11.848 Loaded shared library C:\Users\admin\.jdks\openjdk-26.0.1\bin\verify.dll

Deoptimization events (20 events):
Event: 12.091 Thread 0x00000210387a1620 DEOPT PACKING pc=0x0000021020d75098 sp=0x00000073062fe210
Event: 12.091 Thread 0x00000210387a1620 DEOPT UNPACKING pc=0x00000210206e2282 sp=0x00000073062fe1a8 mode 2
Event: 12.094 Thread 0x00000210387a1620 DEOPT PACKING pc=0x00000210193c6f54 sp=0x00000073062fec50
Event: 12.094 Thread 0x00000210387a1620 DEOPT UNPACKING pc=0x0000021020611a02 sp=0x00000073062fe0e8 mode 0
Event: 18.988 Thread 0x00000210387a1620 Uncommon trap: trap_request=0xffffff45 fr.pc=0x0000021020daf390 relative=0x0000000000006e90
Event: 18.988 Thread 0x00000210387a1620 Uncommon trap: reason=unstable_if action=reinterpret pc=0x0000021020daf390 method=java.awt.EventQueue.cacheEQItem(Lsun/awt/EventQueueItem;)V @ 23 c2
Event: 18.989 Thread 0x00000210387a1620 DEOPT PACKING pc=0x0000021020daf390 sp=0x00000073062ff330
Event: 18.989 Thread 0x00000210387a1620 DEOPT UNPACKING pc=0x00000210206e2282 sp=0x00000073062ff060 mode 2
Event: 18.989 Thread 0x00000210387a1620 Uncommon trap: trap_request=0xffffff45 fr.pc=0x0000021020d9df9c relative=0x000000000000021c
Event: 18.989 Thread 0x00000210387a1620 Uncommon trap: reason=unstable_if action=reinterpret pc=0x0000021020d9df9c method=java.awt.EventQueue.uncacheEQItem(Lsun/awt/EventQueueItem;)V @ 23 c2
Event: 18.989 Thread 0x00000210387a1620 DEOPT PACKING pc=0x0000021020d9df9c sp=0x00000073062ff340
Event: 18.989 Thread 0x00000210387a1620 DEOPT UNPACKING pc=0x00000210206e2282 sp=0x00000073062ff258 mode 2
Event: 384.684 Thread 0x000002103daf1490 Uncommon trap: trap_request=0xffffffcc fr.pc=0x0000021020dbc5ac relative=0x00000000000002ac
Event: 384.684 Thread 0x000002103daf1490 Uncommon trap: reason=intrinsic_or_type_checked_inlining action=make_not_entrant pc=0x0000021020dbc5ac method=java.util.Arrays.copyOf([Ljava/lang/Object;ILjava/lang/Class;)[Ljava/lang/Object; @ 35 c2
Event: 384.684 Thread 0x000002103daf1490 DEOPT PACKING pc=0x0000021020dbc5ac sp=0x00000073064ff230
Event: 384.684 Thread 0x000002103daf1490 DEOPT UNPACKING pc=0x00000210206e2282 sp=0x00000073064ff1c0 mode 2
Event: 521.238 Thread 0x000002103daf1490 Uncommon trap: trap_request=0xffffffdc fr.pc=0x0000021020dbd4ac relative=0x000000000000022c
Event: 521.238 Thread 0x000002103daf1490 Uncommon trap: reason=class_check action=make_not_entrant pc=0x0000021020dbd4ac method=java.util.ArrayList.toArray([Ljava/lang/Object;)[Ljava/lang/Object; @ 21 c2
Event: 521.238 Thread 0x000002103daf1490 DEOPT PACKING pc=0x0000021020dbd4ac sp=0x00000073064ff290
Event: 521.238 Thread 0x000002103daf1490 DEOPT UNPACKING pc=0x00000210206e2282 sp=0x00000073064ff250 mode 2

Classes loaded (20 events):
Event: 12.130 Loading class sun/java2d/marlin/MarlinUtils
Event: 12.130 Loading class sun/java2d/marlin/MarlinUtils done
Event: 12.130 Loading class sun/java2d/marlin/DPQSSorterContext
Event: 12.130 Loading class sun/java2d/marlin/DPQSSorterContext done
Event: 12.130 Loading class sun/java2d/marlin/DMarlinRenderingEngine$NormMode
Event: 12.131 Loading class sun/java2d/marlin/DMarlinRenderingEngine$NormMode done
Event: 12.131 Loading class sun/java2d/marlin/DMarlinRenderingEngine$NormMode$1
Event: 12.131 Loading class sun/java2d/marlin/DMarlinRenderingEngine$NormMode$1 done
Event: 12.131 Loading class sun/java2d/marlin/DMarlinRenderingEngine$NormMode$2
Event: 12.131 Loading class sun/java2d/marlin/DMarlinRenderingEngine$NormMode$2 done
Event: 12.131 Loading class sun/java2d/marlin/DMarlinRenderingEngine$NormMode$3
Event: 12.131 Loading class sun/java2d/marlin/DMarlinRenderingEngine$NormMode$3 done
Event: 12.131 Loading class sun/java2d/marlin/Helpers
Event: 12.131 Loading class sun/java2d/marlin/Helpers done
Event: 12.131 Loading class java/awt/geom/EllipseIterator
Event: 12.131 Loading class java/awt/geom/EllipseIterator done
Event: 12.133 Loading class sun/java2d/marlin/ArrayCacheConst
Event: 12.133 Loading class sun/java2d/marlin/ArrayCacheConst done
Event: 18.980 Loading class sun/awt/SunToolkit$1
Event: 18.980 Loading class sun/awt/SunToolkit$1 done

Classes unloaded (0 events):
No events

Classes redefined (0 events):
No events

Internal exceptions (20 events):
Event: 0.326 Thread 0x000002100e0c4d00 Exception <a 'java/lang/NoSuchMethodError'{0x000000068ab1a1a0}: 'java.lang.Object java.lang.invoke.DirectMethodHandle$Holder.invokeStatic(java.lang.Object, long)'> (0x000000068ab1a1a0) 
thrown [s\open\src\hotspot\share\interpreter\linkResolver.cpp, line 804]
Event: 0.327 Thread 0x000002100e0c4d00 Exception <a 'java/lang/NoSuchMethodError'{0x000000068ab221f8}: 'java.lang.Object java.lang.invoke.DirectMethodHandle$Holder.invokeStaticInit(java.lang.Object, long)'> (0x000000068ab221f8) 
thrown [s\open\src\hotspot\share\interpreter\linkResolver.cpp, line 804]
Event: 0.397 Thread 0x000002100e0c4d00 Exception <a 'java/lang/NoSuchMethodError'{0x000000068ab51050}: 'void java.lang.invoke.DirectMethodHandle$Holder.invokeSpecial(java.lang.Object, java.lang.Object, java.lang.Object)'> (0x000000068ab51050) 
thrown [s\open\src\hotspot\share\interpreter\linkResolver.cpp, line 804]
Event: 0.412 Thread 0x000002100e0c4d00 Exception <a 'java/lang/NoSuchMethodError'{0x000000068abd5878}: 'java.lang.Object java.lang.invoke.DirectMethodHandle$Holder.newInvokeSpecial(java.lang.Object, java.lang.Object, java.lang.Object, java.lang.Object, java.lang.Object)'> (0x000000068abd5878) 
thrown [s\open\src\hotspot\share\interpreter\linkResolver.cpp, line 804]
Event: 0.423 Thread 0x000002100e0c4d00 Exception <a 'java/lang/NoSuchMethodError'{0x000000068a845598}: 'java.lang.Object java.lang.invoke.DirectMethodHandle$Holder.invokeStatic(java.lang.Object, int, java.lang.Object)'> (0x000000068a845598) 
thrown [s\open\src\hotspot\share\interpreter\linkResolver.cpp, line 804]
Event: 0.453 Thread 0x000002100e0c4d00 Exception <a 'java/lang/ClassNotFoundException'{0x000000068aaa2798}: com/sun/swing/internal/plaf/metal/resources/spi/metalProvider> (0x000000068aaa2798) 
thrown [s\open\src\hotspot\share\classfile\systemDictionary.cpp, line 329]
Event: 0.454 Thread 0x000002100e0c4d00 Exception <a 'java/lang/ClassNotFoundException'{0x000000068aaa7618}: com/sun/swing/internal/plaf/basic/resources/spi/basicProvider> (0x000000068aaa7618) 
thrown [s\open\src\hotspot\share\classfile\systemDictionary.cpp, line 329]
Event: 0.469 Thread 0x000002100e0c4d00 Exception <a 'java/lang/NoSuchMethodError'{0x000000068aad46a8}: 'int java.lang.invoke.Invokers$Holder.invokeExact_MT(java.lang.Object, java.lang.Object)'> (0x000000068aad46a8) 
thrown [s\open\src\hotspot\share\interpreter\linkResolver.cpp, line 804]
Event: 0.681 Thread 0x0000021038323a20 Exception <a 'java/lang/NoSuchMethodError'{0x000000068ac5d348}: 'void java.lang.invoke.DirectMethodHandle$Holder.invokeVirtual(java.lang.Object, java.lang.Object)'> (0x000000068ac5d348) 
thrown [s\open\src\hotspot\share\interpreter\linkResolver.cpp, line 804]
Event: 0.705 Thread 0x000002100e0c4d00 Exception <a 'java/lang/NoSuchMethodError'{0x000000068ac879f0}: 'long java.lang.invoke.DirectMethodHandle$Holder.invokeStaticInit(java.lang.Object, long, long, long, long)'> (0x000000068ac879f0) 
thrown [s\open\src\hotspot\share\interpreter\linkResolver.cpp, line 804]
Event: 0.705 Thread 0x000002100e0c4d00 Exception <a 'java/lang/NoSuchMethodError'{0x000000068ac90450}: 'java.lang.Object java.lang.invoke.DirectMethodHandle$Holder.invokeInterface(java.lang.Object, java.lang.Object, long, long)'> (0x000000068ac90450) 
thrown [s\open\src\hotspot\share\interpreter\linkResolver.cpp, line 804]
Event: 0.707 Thread 0x000002100e0c4d00 Exception <a 'java/lang/NoSuchMethodError'{0x000000068aca9290}: 'void java.lang.invoke.DirectMethodHandle$Holder.invokeStaticInit(java.lang.Object, java.lang.Object, long, java.lang.Object)'> (0x000000068aca9290) 
thrown [s\open\src\hotspot\share\interpreter\linkResolver.cpp, line 804]
Event: 0.707 Thread 0x000002100e0c4d00 Exception <a 'java/lang/NoSuchMethodError'{0x000000068acb1ec8}: 'long java.lang.invoke.DirectMethodHandle$Holder.invokeStatic(java.lang.Object, long, long)'> (0x000000068acb1ec8) 
thrown [s\open\src\hotspot\share\interpreter\linkResolver.cpp, line 804]
Event: 0.711 Thread 0x000002100e0c4d00 Exception <a 'java/lang/NoSuchMethodError'{0x000000068acc6860}: 'void java.lang.invoke.DirectMethodHandle$Holder.invokeStaticInit(java.lang.Object)'> (0x000000068acc6860) 
thrown [s\open\src\hotspot\share\interpreter\linkResolver.cpp, line 804]
Event: 0.733 Thread 0x000002100e0c4d00 Exception <a 'java/lang/NoSuchMethodError'{0x000000068ad04c10}: 'java.lang.Object java.lang.invoke.DirectMethodHandle$Holder.newInvokeSpecial(java.lang.Object, int, java.lang.Object)'> (0x000000068ad04c10) 
thrown [s\open\src\hotspot\share\interpreter\linkResolver.cpp, line 804]
Event: 0.814 Thread 0x000002100e0c4d00 Exception <a 'java/lang/NoSuchMethodError'{0x000000068ad99ca0}: 'void java.lang.invoke.DelegatingMethodHandle$Holder.reinvoke_L(java.lang.Object, java.lang.Object, java.lang.Object, long, float)'> (0x000000068ad99ca0) 
thrown [s\open\src\hotspot\share\interpreter\linkResolver.cpp, line 804]
Event: 0.818 Thread 0x000002100e0c4d00 Exception <a 'java/lang/NoSuchMethodError'{0x000000068adb2480}: 'java.lang.Object java.lang.invoke.DirectMethodHandle$Holder.invokeStatic(java.lang.Object, java.lang.Object, java.lang.Object, java.lang.Object, long)'> (0x000000068adb2480) 
thrown [s\open\src\hotspot\share\interpreter\linkResolver.cpp, line 804]
Event: 0.821 Thread 0x000002100e0c4d00 Exception <a 'java/lang/NoSuchMethodError'{0x000000068add4f60}: 'float java.lang.invoke.DelegatingMethodHandle$Holder.reinvoke_L(java.lang.Object, java.lang.Object, java.lang.Object, long)'> (0x000000068add4f60) 
thrown [s\open\src\hotspot\share\interpreter\linkResolver.cpp, line 804]
Event: 11.895 Thread 0x00000210387a1620 Implicit null exception at 0x0000021020d80b07 to 0x0000021020d80bfc
Event: 11.950 Thread 0x00000210387a1620 Implicit null exception at 0x0000021020d6e91a to 0x0000021020d6ea18

VM Operations (20 events):
Event: 11.852 Executing non-safepoint VM operation: HandshakeAllThreads (Deoptimize)
Event: 11.852 Executing non-safepoint VM operation: HandshakeAllThreads (Deoptimize) done
Event: 11.854 Executing non-safepoint VM operation: HandshakeAllThreads (Deoptimize)
Event: 11.854 Executing non-safepoint VM operation: HandshakeAllThreads (Deoptimize) done
Event: 11.902 Executing non-safepoint VM operation: HandshakeAllThreads (Deoptimize)
Event: 11.902 Executing non-safepoint VM operation: HandshakeAllThreads (Deoptimize) done
Event: 12.013 Executing non-safepoint VM operation: HandshakeAllThreads (Deoptimize)
Event: 12.013 Executing non-safepoint VM operation: HandshakeAllThreads (Deoptimize) done
Event: 12.120 Executing non-safepoint VM operation: HandshakeAllThreads (Deoptimize)
Event: 12.120 Executing non-safepoint VM operation: HandshakeAllThreads (Deoptimize) done
Event: 13.283 Executing safepoint VM operation: G1CollectForAllocation (G1 Evacuation Pause)
Event: 13.285 Executing safepoint VM operation: G1CollectForAllocation (G1 Evacuation Pause) done
Event: 60.081 Executing non-safepoint VM operation: HandshakeAllThreads (DeflationHandshakeClosure)
Event: 60.081 Executing non-safepoint VM operation: HandshakeAllThreads (DeflationHandshakeClosure) done
Event: 60.081 Executing non-safepoint VM operation: RendezvousGCThreads
Event: 60.081 Executing non-safepoint VM operation: RendezvousGCThreads done
Event: 120.124 Executing non-safepoint VM operation: HandshakeAllThreads (DeflationHandshakeClosure)
Event: 120.124 Executing non-safepoint VM operation: HandshakeAllThreads (DeflationHandshakeClosure) done
Event: 120.125 Executing non-safepoint VM operation: RendezvousGCThreads
Event: 120.125 Executing non-safepoint VM operation: RendezvousGCThreads done

Memory protections (0 events):
No events

Nmethod flushes (0 events):
No events

Events (20 events):
Event: 0.680 Thread 0x0000021038323a20 Thread added: 0x00000210387a1620
Event: 0.839 Thread 0x00000210387a1620 Thread added: 0x000002103daf1490
Event: 0.878 Thread 0x000002100e0c4d00 Thread exited: 0x000002100e0c4d00
Event: 0.878 Thread 0x000002100e0c4d00 Thread added: 0x000002100e0c4d00
Event: 0.991 Thread 0x00000210387a1620 Thread added: 0x000002103dcb5000
Event: 1.493 Thread 0x00000210387647e0 Thread exited: 0x00000210387647e0
Event: 2.494 Thread 0x0000021038782230 Thread exited: 0x0000021038782230
Event: 2.994 Thread 0x0000021033c458d0 Thread exited: 0x0000021033c458d0
Event: 5.604 Thread 0x00000210386753a0 Thread exited: 0x00000210386753a0
Event: 7.174 Thread 0x0000021033c35a10 Thread exited: 0x0000021033c35a10
Event: 11.882 Thread 0x00000210338063b0 Thread added: 0x0000021033cef260
Event: 11.990 Thread 0x00000210338063b0 Thread added: 0x000002103dce2000
Event: 11.998 Thread 0x000002103dce2000 Thread added: 0x00000210384e1fc0
Event: 12.005 Thread 0x00000210338063b0 Thread added: 0x000002103de6a550
Event: 12.009 Thread 0x00000210387a1620 Thread added: 0x000002103e122180
Event: 12.323 Thread 0x0000021033cef260 Thread exited: 0x0000021033cef260
Event: 12.932 Thread 0x000002103de6a550 Thread exited: 0x000002103de6a550
Event: 14.668 Thread 0x000002103dce2000 Thread exited: 0x000002103dce2000
Event: 14.668 Thread 0x00000210384e1fc0 Thread exited: 0x00000210384e1fc0
Event: 17.020 Thread 0x000002103e122180 Thread exited: 0x000002103e122180


Dynamic libraries:
0x00007ff7fc7d0000 - 0x00007ff7fc7de000 	C:\Users\admin\.jdks\openjdk-26.0.1\bin\java.exe
0x00007ffc2ea40000 - 0x00007ffc2eca6000 	C:\WINDOWS\SYSTEM32\ntdll.dll
0x00007ffc2dad0000 - 0x00007ffc2db99000 	C:\WINDOWS\System32\KERNEL32.DLL
0x00007ffc2bcd0000 - 0x00007ffc2c0ca000 	C:\WINDOWS\System32\KERNELBASE.dll
0x00007ffc2c250000 - 0x00007ffc2c39c000 	C:\WINDOWS\System32\ucrtbase.dll
0x00007ffc18c40000 - 0x00007ffc18c5e000 	C:\Users\admin\.jdks\openjdk-26.0.1\bin\VCRUNTIME140.dll
0x00007ffc26de0000 - 0x00007ffc26df7000 	C:\Users\admin\.jdks\openjdk-26.0.1\bin\jli.dll
0x00007ffc2c7f0000 - 0x00007ffc2c9b7000 	C:\WINDOWS\System32\USER32.dll
0x00007ffc2c630000 - 0x00007ffc2c657000 	C:\WINDOWS\System32\win32u.dll
0x00007ffc14d90000 - 0x00007ffc15022000 	C:\WINDOWS\WinSxS\amd64_microsoft.windows.common-controls_6595b64144ccf1df_6.0.26100.8521_none_3e08b75ce33403b3\COMCTL32.dll
0x00007ffc2d720000 - 0x00007ffc2d74b000 	C:\WINDOWS\System32\GDI32.dll
0x00007ffc2cba0000 - 0x00007ffc2cc49000 	C:\WINDOWS\System32\msvcrt.dll
0x00007ffc2c3a0000 - 0x00007ffc2c4cb000 	C:\WINDOWS\System32\gdi32full.dll
0x00007ffc2c580000 - 0x00007ffc2c623000 	C:\WINDOWS\System32\msvcp_win.dll
0x00007ffc2c7b0000 - 0x00007ffc2c7e2000 	C:\WINDOWS\System32\IMM32.DLL
0x00007ffc09990000 - 0x00007ffc0999c000 	C:\Users\admin\.jdks\openjdk-26.0.1\bin\vcruntime140_1.dll
0x00007ffc01940000 - 0x00007ffc019cd000 	C:\Users\admin\.jdks\openjdk-26.0.1\bin\msvcp140.dll
0x00007ffb83a20000 - 0x00007ffb848ee000 	C:\Users\admin\.jdks\openjdk-26.0.1\bin\server\jvm.dll
0x00007ffc2d830000 - 0x00007ffc2d8e6000 	C:\WINDOWS\System32\ADVAPI32.dll
0x00007ffc2e230000 - 0x00007ffc2e2da000 	C:\WINDOWS\System32\sechost.dll
0x00007ffc2ccc0000 - 0x00007ffc2cdd8000 	C:\WINDOWS\System32\RPCRT4.dll
0x00007ffc2d690000 - 0x00007ffc2d710000 	C:\WINDOWS\System32\WS2_32.dll
0x00007ffc2bb30000 - 0x00007ffc2bb8e000 	C:\WINDOWS\SYSTEM32\POWRPROF.dll
0x00007ffc1fdc0000 - 0x00007ffc1fdf6000 	C:\WINDOWS\SYSTEM32\WINMM.dll
0x00007ffc23b60000 - 0x00007ffc23b6b000 	C:\WINDOWS\SYSTEM32\VERSION.dll
0x00007ffc2bb10000 - 0x00007ffc2bb24000 	C:\WINDOWS\SYSTEM32\UMPDC.dll
0x00007ffc2aa60000 - 0x00007ffc2aa7b000 	C:\WINDOWS\SYSTEM32\kernel.appcore.dll
0x00007ffc09980000 - 0x00007ffc0998a000 	C:\Users\admin\.jdks\openjdk-26.0.1\bin\jimage.dll
0x00007ffc1a120000 - 0x00007ffc1a362000 	C:\WINDOWS\SYSTEM32\DBGHELP.DLL
0x00007ffc2dba0000 - 0x00007ffc2df23000 	C:\WINDOWS\System32\combase.dll
0x00007ffc2d580000 - 0x00007ffc2d659000 	C:\WINDOWS\System32\OLEAUT32.dll
0x00007ffc093c0000 - 0x00007ffc093fb000 	C:\WINDOWS\SYSTEM32\dbgcore.DLL
0x00007ffc2c4d0000 - 0x00007ffc2c578000 	C:\WINDOWS\System32\bcryptPrimitives.dll
0x00007ffc09970000 - 0x00007ffc09980000 	C:\Users\admin\.jdks\openjdk-26.0.1\bin\instrument.dll
0x00007ffc09950000 - 0x00007ffc0996f000 	C:\Users\admin\.jdks\openjdk-26.0.1\bin\java.dll
0x00007ffc2e7a0000 - 0x00007ffc2e938000 	C:\WINDOWS\System32\ole32.dll
0x00007ffc2cde0000 - 0x00007ffc2d564000 	C:\WINDOWS\System32\SHELL32.dll
0x00007ffc29870000 - 0x00007ffc2a0f0000 	C:\WINDOWS\SYSTEM32\windows.storage.dll
0x00007ffc2dfb0000 - 0x00007ffc2e0a6000 	C:\WINDOWS\System32\SHCORE.dll
0x00007ffc2df30000 - 0x00007ffc2df97000 	C:\WINDOWS\System32\shlwapi.dll
0x00007ffc2bbf0000 - 0x00007ffc2bc19000 	C:\WINDOWS\SYSTEM32\profapi.dll
0x00007ffc01900000 - 0x00007ffc01917000 	C:\Users\admin\.jdks\openjdk-26.0.1\bin\zip.dll
0x00007ffc098b0000 - 0x00007ffc098c2000 	C:\Users\admin\.jdks\openjdk-26.0.1\bin\net.dll
0x00007ffc2afd0000 - 0x00007ffc2b03c000 	C:\WINDOWS\system32\mswsock.dll
0x00007ffc01920000 - 0x00007ffc01936000 	C:\Users\admin\.jdks\openjdk-26.0.1\bin\nio.dll
0x00007ffc018f0000 - 0x00007ffc018f9000 	C:\Users\admin\.jdks\openjdk-26.0.1\bin\extnet.dll
0x00007ffb731f0000 - 0x00007ffb73374000 	C:\Users\admin\.jdks\openjdk-26.0.1\bin\awt.dll
0x00007ffc28cc0000 - 0x00007ffc28d60000 	C:\WINDOWS\SYSTEM32\apphelp.dll
0x00007ffc29170000 - 0x00007ffc2919f000 	C:\WINDOWS\system32\DWMAPI.DLL
0x00007ffc28e90000 - 0x00007ffc28f3a000 	C:\WINDOWS\system32\uxtheme.dll
0x00007ffba8880000 - 0x00007ffba898c000 	C:\WINDOWS\system32\opengl32.dll
0x00007ffbabb50000 - 0x00007ffbabb7d000 	C:\WINDOWS\SYSTEM32\GLU32.dll
0x00007ffc29120000 - 0x00007ffc29164000 	C:\WINDOWS\SYSTEM32\dxcore.dll
0x00007ffc2d970000 - 0x00007ffc2dacd000 	C:\WINDOWS\System32\MSCTF.dll
0x00007ffbfe830000 - 0x00007ffbfe9e1000 	C:\WINDOWS\system32\d3d9.dll
0x00007ffc21d80000 - 0x00007ffc21f3b000 	C:\WINDOWS\System32\DriverStore\FileRepository\u0417466.inf_amd64_643d8f48790e4f09\B417470\aticfx64.dll
0x00007ffbe01b0000 - 0x00007ffbe01e4000 	C:\WINDOWS\System32\DriverStore\FileRepository\u0417466.inf_amd64_643d8f48790e4f09\B417470\atiu9p64.dll
0x00007ffb724a0000 - 0x00007ffb731e7000 	C:\WINDOWS\System32\DriverStore\FileRepository\u0417466.inf_amd64_643d8f48790e4f09\B417470\atiumd64.dll
0x0000000059c10000 - 0x000000005ab23000 	C:\WINDOWS\System32\DriverStore\FileRepository\u0417466.inf_amd64_643d8f48790e4f09\B417470\atiumd6a.dll
0x00007ffc2e310000 - 0x00007ffc2e797000 	C:\WINDOWS\System32\SETUPAPI.dll
0x00007ffc21610000 - 0x00007ffc21645000 	C:\WINDOWS\SYSTEM32\amdihk64.dll
0x00007ffc25600000 - 0x00007ffc2565f000 	C:\WINDOWS\SYSTEM32\directxdatabasehelper.dll
0x00007ffc2b840000 - 0x00007ffc2b891000 	C:\WINDOWS\SYSTEM32\cfgmgr32.dll
0x00007ffbe0120000 - 0x00007ffbe01ab000 	C:\Users\admin\.jdks\openjdk-26.0.1\bin\freetype.dll
0x00007ffb99590000 - 0x00007ffb9967f000 	C:\Users\admin\.jdks\openjdk-26.0.1\bin\fontmanager.dll
0x00007ffc2e940000 - 0x00007ffc2e9ee000 	C:\WINDOWS\System32\clbcatq.dll
0x00007ffc274d0000 - 0x00007ffc276fc000 	C:\WINDOWS\SYSTEM32\WindowsCodecs.dll
0x00007ffc05860000 - 0x00007ffc058bc000 	C:\WINDOWS\system32\dataexchange.dll
0x00007ffc1d100000 - 0x00007ffc1d34f000 	C:\WINDOWS\system32\twinapi.appcore.dll
0x00007ffc20040000 - 0x00007ffc20188000 	C:\WINDOWS\SYSTEM32\textinputframework.dll
0x00007ffc289b0000 - 0x00007ffc28ad5000 	C:\WINDOWS\SYSTEM32\CoreMessaging.dll
0x00007ffc226f0000 - 0x00007ffc229d4000 	C:\WINDOWS\SYSTEM32\CoreUIComponents.dll
0x00007ffc25f90000 - 0x00007ffc260fa000 	C:\WINDOWS\SYSTEM32\wintypes.dll
0x00007ffc2b2d0000 - 0x00007ffc2b2dc000 	C:\WINDOWS\SYSTEM32\CRYPTBASE.DLL
0x00007ffbee990000 - 0x00007ffbee9a0000 	C:\Users\admin\.jdks\openjdk-26.0.1\bin\verify.dll

JVMTI agents:
C:\Program Files\JetBrains\IntelliJ IDEA 2026.1.2\lib\idea_rt.jar path:C:\Users\admin\.jdks\openjdk-26.0.1\bin\instrument.dll, loaded, initialized, instrumentlib options:54936

dbghelp: loaded successfully - version: 4.0.5 - missing functions: none
symbol engine: initialized successfully - sym options: 0x614 - pdb path: .;C:\Users\admin\.jdks\openjdk-26.0.1\bin;C:\WINDOWS\SYSTEM32;C:\WINDOWS\WinSxS\amd64_microsoft.windows.common-controls_6595b64144ccf1df_6.0.26100.8521_none_3e08b75ce33403b3;C:\Users\admin\.jdks\openjdk-26.0.1\bin\server;C:\WINDOWS\System32\DriverStore\FileRepository\u0417466.inf_amd64_643d8f48790e4f09\B417470

VM Arguments:
jvm_args: -javaagent:C:\Program Files\JetBrains\IntelliJ IDEA 2026.1.2\lib\idea_rt.jar=54936 -Dfile.encoding=UTF-8 -Dsun.stdout.encoding=UTF-8 -Dsun.stderr.encoding=UTF-8 
java_command: com.bankmanagement.Login
java_class_path (initial): C:\Users\admin\IdeaProjects\Bank\out\production\Bank;C:\Users\admin\IdeaProjects\Bank\jcalendar-1.4.jar;D:\Downloads\postgresql-42.7.12.jar
Launcher Type: SUN_STANDARD

[Global flags]
     bool AOTAdapterCaching                        = false                                  {diagnostic} {ergonomic}
     bool AOTInvokeDynamicLinking                  = false                                  {diagnostic} {ergonomic}
     bool AOTRecordTraining                        = false                                  {diagnostic} {ergonomic}
     bool AOTReplayTraining                        = false                                  {diagnostic} {ergonomic}
     bool AOTStubCaching                           = false                                  {diagnostic} {ergonomic}
     intx CICompilerCount                          = 12                                        {product} {ergonomic}
     uint ConcGCThreads                            = 3                                         {product} {ergonomic}
     uint G1ConcRefinementThreads                  = 13                                        {product} {ergonomic}
     uint G1EagerReclaimRemSetThreshold            = 32                                   {experimental} {ergonomic}
   size_t G1HeapRegionSize                         = 4194304                                   {product} {ergonomic}
     uint G1RemSetArrayOfCardsEntries              = 32                                   {experimental} {ergonomic}
     uint G1RemSetHowlMaxNumBuckets                = 8                                    {experimental} {ergonomic}
     uint G1RemSetHowlNumBuckets                   = 8                                    {experimental} {ergonomic}
   size_t InitialHeapSize                          = 8388608                                   {product} {ergonomic}
     bool IntelJccErratumMitigation                = false                             {ARCH diagnostic} {ergonomic}
   size_t MarkStackSize                            = 4194304                                   {product} {ergonomic}
   size_t MarkStackSizeMax                         = 536870912                                 {product} {ergonomic}
   size_t MaxHeapSize                              = 6270484480                                {product} {ergonomic}
   size_t MaxNewSize                               = 3762290688                                {product} {ergonomic}
 uint64_t MaxRAM                                   = 25073807360                               {product} {ergonomic}
   size_t MinHeapDeltaBytes                        = 4194304                                   {product} {ergonomic}
   size_t MinHeapSize                              = 8388608                                   {product} {ergonomic}
   size_t NonNMethodCodeHeapSize                   = 7667712                                {pd product} {ergonomic}
   size_t NonProfiledCodeHeapSize                  = 122028032                              {pd product} {ergonomic}
   size_t ProfiledCodeHeapSize                     = 122028032                              {pd product} {ergonomic}
   size_t ReservedCodeCacheSize                    = 251723776                              {pd product} {ergonomic}
     bool SegmentedCodeCache                       = true                                      {product} {ergonomic}
   size_t SoftMaxHeapSize                          = 6270484480                             {manageable} {ergonomic}
     bool UseCompressedOops                        = true                           {product lp64_product} {ergonomic}
     bool UseCondCardMark                          = true                                      {product} {ergonomic}
     bool UseFastUnorderedTimeStamps               = true                                 {experimental} {ergonomic}
     bool UseG1GC                                  = true                                      {product} {ergonomic}
     bool UseLargePagesIndividualAllocation        = false                                  {pd product} {ergonomic}
      int X86ICacheSync                            = 3                                 {ARCH diagnostic} {ergonomic}

Logging:
Log output configuration:
 #0: stdout all=warning uptime,level,tags foldmultilines=false
 #1: stderr all=off uptime,level,tags foldmultilines=false

Release file:
IMPLEMENTOR="Oracle Corporation" 
JAVA_RUNTIME_VERSION="26.0.1+8-34" 
JAVA_VERSION="26.0.1" 
JAVA_VERSION_DATE="2026-04-21" 
LIBC="default" 
MODULES="java.base java.compiler java.datatransfer java.xml java.prefs java.desktop java.instrument java.logging java.management java.security.sasl java.naming java.rmi java.management.rmi java.net.http java.scripting java.security.jgss java.transaction.xa java.sql java.sql.rowset java.xml.crypto java.se java.smartcardio jdk.accessibility jdk.internal.jvmstat jdk.attach jdk.charsets jdk.internal.opt jdk.zipfs jdk.compiler jdk.crypto.cryptoki jdk.crypto.ec jdk.crypto.mscapi jdk.dynalink jdk.internal.ed jdk.editpad jdk.internal.vm.ci jdk.graal.compiler jdk.graal.compiler.management jdk.hotspot.agent jdk.httpserver jdk.incubator.vector jdk.internal.le jdk.internal.md jdk.jartool jdk.javadoc jdk.jcmd jdk.management jdk.management.agent jdk.jconsole jdk.jdeps jdk.jdwp.agent jdk.jdi jdk.jfr jdk.jlink jdk.jpackage jdk.jshell jdk.jstatd jdk.localedata jdk.management.jfr jdk.naming.dns jdk.naming.rmi jdk.net jdk.nio.mapmode jdk.sctp jdk.security.auth jdk.security.jgss jdk.unsupported jdk.unsupported.desktop jdk.xml.dom" 
OS_ARCH="x86_64" 
OS_NAME="Windows" 
SOURCE=".:git:fcc00fc4aee7" 

Environment Variables:
PATH=C:\WINDOWS\system32;C:\WINDOWS;C:\WINDOWS\System32\Wbem;C:\WINDOWS\System32\WindowsPowerShell\v1.0\;C:\WINDOWS\System32\OpenSSH\;C:\Program Files\NVIDIA Corporation\NVIDIA App\NvDLISR;C:\Program Files (x86)\NVIDIA Corporation\PhysX\Common;C:\Program Files\PostgreSQL\18\bin;C:\Program Files\Microsoft SQL Server\170\Tools\Binn\;C:\Program Files\Microsoft SQL Server\Client SDK\ODBC\170\Tools\Binn\;C:\Program Files\dotnet\;C:\Program Files\Cloudflare\Cloudflare WARP\;C:\Program Files\Git\cmd;C:\Program Files\Docker\Docker\resources\bin;C:\Users\admin\.local\bin;D:\Downloads\mingw64\bin;C:\Users\admin\AppData\Local\Microsoft\WindowsApps;C:\Program Files\JetBrains\IntelliJ IDEA 2026.1.2\bin;C:\Users\admin\AppData\Local\Programs\Microsoft VS Code\bin;C:\Program Files\PostgreSQL\18\bin;C:\Users\admin\.dotnet\tools;C:\Users\admin\AppData\Local\Python\bin
USERNAME=admin
OS=Windows_NT
PROCESSOR_IDENTIFIER=AMD64 Family 25 Model 80 Stepping 0, AuthenticAMD
TMP=C:\Users\admin\AppData\Local\Temp
TEMP=C:\Users\admin\AppData\Local\Temp




Compilation memory statistics disabled.

Periodic native trim disabled

---------------  S Y S T E M  ---------------

OS:
 Windows 11 , 64 bit Build 26100 (10.0.26100.8521)
OS uptime: 0 days 12:18 hours
Hyper-V role detected

CPU: total 16 (initial active 16) (8 cores per cpu, 2 threads per core) family 25 model 80 stepping 0 microcode 0xa500014, cx8, cmov, fxsr, ht, mmx, 3dnowpref, sse, sse2, sse3, ssse3, sse4a, sse4.1, sse4.2, popcnt, lzcnt, tsc, tscinvbit, avx, avx2, aes, erms, clmul, bmi1, bmi2, adx, sha, fma, vzeroupper, clflush, clflushopt, clwb, hv, rdtscp, rdpid, fsrm, f16c, cet_ss
Processor Information for processor 0
  Max Mhz: 3201, Current Mhz: 3201, Mhz Limit: 3201
Processor Information for processor 1
  Max Mhz: 3201, Current Mhz: 3201, Mhz Limit: 3201
Processor Information for processor 2
  Max Mhz: 3201, Current Mhz: 3201, Mhz Limit: 3201
Processor Information for processor 3
  Max Mhz: 3201, Current Mhz: 3201, Mhz Limit: 3201
Processor Information for processor 4
  Max Mhz: 3201, Current Mhz: 1990, Mhz Limit: 3201
Processor Information for processor 5
  Max Mhz: 3201, Current Mhz: 3201, Mhz Limit: 3201
Processor Information for processor 6
  Max Mhz: 3201, Current Mhz: 1990, Mhz Limit: 3201
Processor Information for processor 7
  Max Mhz: 3201, Current Mhz: 3201, Mhz Limit: 3201
Processor Information for processor 8
  Max Mhz: 3201, Current Mhz: 3201, Mhz Limit: 3201
Processor Information for processor 9
  Max Mhz: 3201, Current Mhz: 3201, Mhz Limit: 3201
Processor Information for processor 10
  Max Mhz: 3201, Current Mhz: 3201, Mhz Limit: 3201
Processor Information for processor 11
  Max Mhz: 3201, Current Mhz: 3201, Mhz Limit: 3201
Processor Information for processor 12
  Max Mhz: 3201, Current Mhz: 1990, Mhz Limit: 3201
Processor Information for processor 13
  Max Mhz: 3201, Current Mhz: 1990, Mhz Limit: 3201
Processor Information for processor 14
  Max Mhz: 3201, Current Mhz: 1990, Mhz Limit: 3201
Processor Information for processor 15
  Max Mhz: 3201, Current Mhz: 1990, Mhz Limit: 3201

Memory: 4k page, system-wide physical 23912M (3688M free)
TotalPageFile size 35339M (AvailPageFile size 0M)
current process WorkingSet (physical memory assigned to process): 162M, peak: 164M
current process commit charge ("private bytes"): 206M, peak: 250M

vm_info: OpenJDK 64-Bit Server VM (26.0.1+8-34) for windows-amd64 JRE (26.0.1+8-34), built on 2026-03-10T17:24:10Z with MS VC++ 17.13 (VS2022)

END.
